<?xml version="1.0" encoding="UTF-8" standalone="yes"?><!DOCTYPE report PUBLIC "-//JACOCO//DTD Report 1.0//EN" "report.dtd"><report name="JaCoCoverage analysis (powered by JaCoCo from EclEmma)"><sessioninfo id="julietas-mbp-fb075e57" start="1574189805190" dump="1574189805670"/><sessioninfo id="julietas-mbp-97b65caa" start="1574189805894" dump="1574189806244"/><sessioninfo id="julietas-mbp-973653a0" start="1574189806464" dump="1574189806909"/><sessioninfo id="julietas-mbp-f88ef424" start="1574189807148" dump="1574189807802"/><sessioninfo id="julietas-mbp-219a1418" start="1574189808111" dump="1574189808597"/><sessioninfo id="julietas-mbp-bfaf0ce6" start="1574189808818" dump="1574189809881"/><sessioninfo id="julietas-mbp-5e671490" start="1574189810110" dump="1574189810477"/><sessioninfo id="julietas-mbp-18c6d4e8" start="1574189810708" dump="1574189811458"/><sessioninfo id="julietas-mbp-725a7dcb" start="1574189811775" dump="1574189812851"/><sessioninfo id="julietas-mbp-34015041" start="1574189813145" dump="1574189813593"/><sessioninfo id="julietas-mbp-75223bb7" start="1574189813818" dump="1574189814299"/><sessioninfo id="julietas-mbp-e55f168d" start="1574189814524" dump="1574189814960"/><package name="encryption"><class name="encryption/PasswordUtils"><method name="&lt;init&gt;" desc="()V" line="20"><counter type="INSTRUCTION" missed="3" covered="0"/><counter type="LINE" missed="1" covered="0"/><counter type="COMPLEXITY" missed="1" covered="0"/><counter type="METHOD" missed="1" covered="0"/></method><method name="getSalt" desc="(I)Ljava/lang/String;" line="28"><counter type="INSTRUCTION" missed="26" covered="0"/><counter type="BRANCH" missed="2" covered="0"/><counter type="LINE" missed="4" covered="0"/><counter type="COMPLEXITY" missed="2" covered="0"/><counter type="METHOD" missed="1" covered="0"/></method><method name="hash" desc="([C[B)[B" line="38"><counter type="INSTRUCTION" missed="43" covered="0"/><counter type="LINE" missed="7" covered="0"/><counter type="COMPLEXITY" missed="1" covered="0"/><counter type="METHOD" missed="1" covered="0"/></method><method name="generarPasswordSeguro" desc="(Ljava/lang/String;Ljava/lang/String;)Ljava/lang/String;" line="51"><counter type="INSTRUCTION" missed="14" covered="0"/><counter type="LINE" missed="4" covered="0"/><counter type="COMPLEXITY" missed="1" covered="0"/><counter type="METHOD" missed="1" covered="0"/></method><method name="verificarPassswordUsuario" desc="(Ljava/lang/String;Ljava/lang/String;Ljava/lang/String;)Z" line="63"><counter type="INSTRUCTION" missed="12" covered="0"/><counter type="LINE" missed="4" covered="0"/><counter type="COMPLEXITY" missed="1" covered="0"/><counter type="METHOD" missed="1" covered="0"/></method><method name="&lt;clinit&gt;" desc="()V" line="22"><counter type="INSTRUCTION" missed="5" covered="0"/><counter type="LINE" missed="1" covered="0"/><counter type="COMPLEXITY" missed="1" covered="0"/><counter type="METHOD" missed="1" covered="0"/></method><counter type="INSTRUCTION" missed="103" covered="0"/><counter type="BRANCH" missed="2" covered="0"/><counter type="LINE" missed="21" covered="0"/><counter type="COMPLEXITY" missed="7" covered="0"/><counter type="METHOD" missed="6" covered="0"/><counter type="CLASS" missed="1" covered="0"/></class><sourcefile name="PasswordUtils.java"><line nr="20" mi="3" ci="0" mb="0" cb="0"/><line nr="22" mi="5" ci="0" mb="0" cb="0"/><line nr="28" mi="5" ci="0" mb="0" cb="0"/><line nr="30" mi="7" ci="0" mb="2" cb="0"/><line nr="31" mi="9" ci="0" mb="0" cb="0"/><line nr="34" mi="5" ci="0" mb="0" cb="0"/><line nr="38" mi="8" ci="0" mb="0" cb="0"/><line nr="39" mi="3" ci="0" mb="0" cb="0"/><line nr="41" mi="3" ci="0" mb="0" cb="0"/><line nr="42" mi="7" ci="0" mb="0" cb="0"/><line nr="43" mi="1" ci="0" mb="0" cb="0"/><line nr="44" mi="14" ci="0" mb="0" cb="0"/><line nr="46" mi="7" ci="0" mb="0" cb="0"/><line nr="51" mi="2" ci="0" mb="0" cb="0"/><line nr="53" mi="6" ci="0" mb="0" cb="0"/><line nr="55" mi="4" ci="0" mb="0" cb="0"/><line nr="57" mi="2" ci="0" mb="0" cb="0"/><line nr="63" mi="2" ci="0" mb="0" cb="0"/><line nr="66" mi="4" ci="0" mb="0" cb="0"/><line nr="69" mi="4" ci="0" mb="0" cb="0"/><line nr="71" mi="2" ci="0" mb="0" cb="0"/><counter type="INSTRUCTION" missed="103" covered="0"/><counter type="BRANCH" missed="2" covered="0"/><counter type="LINE" missed="21" covered="0"/><counter type="COMPLEXITY" missed="7" covered="0"/><counter type="METHOD" missed="6" covered="0"/><counter type="CLASS" missed="1" covered="0"/></sourcefile><counter type="INSTRUCTION" missed="103" covered="0"/><counter type="BRANCH" missed="2" covered="0"/><counter type="LINE" missed="21" covered="0"/><counter type="COMPLEXITY" missed="7" covered="0"/><counter type="METHOD" missed="6" covered="0"/><counter type="CLASS" missed="1" covered="0"/></package><package name="serialización"><class name="serialización/Persistencia"><method name="&lt;init&gt;" desc="()V" line="25"><counter type="INSTRUCTION" missed="3" covered="0"/><counter type="LINE" missed="2" covered="0"/><counter type="COMPLEXITY" missed="1" covered="0"/><counter type="METHOD" missed="1" covered="0"/></method><method name="&lt;init&gt;" desc="(Ljava/lang/Object;)V" line="29"><counter type="INSTRUCTION" missed="6" covered="0"/><counter type="LINE" missed="3" covered="0"/><counter type="COMPLEXITY" missed="1" covered="0"/><counter type="METHOD" missed="1" covered="0"/></method><method name="&lt;init&gt;" desc="(Ljava/lang/String;)V" line="32"><counter type="INSTRUCTION" missed="7" covered="0"/><counter type="LINE" missed="3" covered="0"/><counter type="COMPLEXITY" missed="1" covered="0"/><counter type="METHOD" missed="1" covered="0"/></method><method name="serializar" desc="(Ljava/lang/Object;)V" line="37"><counter type="INSTRUCTION" missed="115" covered="0"/><counter type="BRANCH" missed="14" covered="0"/><counter type="LINE" missed="24" covered="0"/><counter type="COMPLEXITY" missed="8" covered="0"/><counter type="METHOD" missed="1" covered="0"/></method><method name="deserializar" desc="(Ljava/lang/String;)Ldominio/Sistema;" line="78"><counter type="INSTRUCTION" missed="124" covered="0"/><counter type="BRANCH" missed="16" covered="0"/><counter type="LINE" missed="22" covered="0"/><counter type="COMPLEXITY" missed="9" covered="0"/><counter type="METHOD" missed="1" covered="0"/></method><counter type="INSTRUCTION" missed="255" covered="0"/><counter type="BRANCH" missed="30" covered="0"/><counter type="LINE" missed="54" covered="0"/><counter type="COMPLEXITY" missed="20" covered="0"/><counter type="METHOD" missed="5" covered="0"/><counter type="CLASS" missed="1" covered="0"/></class><sourcefile name="Persistencia.java"><line nr="25" mi="2" ci="0" mb="0" cb="0"/><line nr="27" mi="1" ci="0" mb="0" cb="0"/><line nr="29" mi="2" ci="0" mb="0" cb="0"/><line nr="30" mi="3" ci="0" mb="0" cb="0"/><line nr="31" mi="1" ci="0" mb="0" cb="0"/><line nr="32" mi="2" ci="0" mb="0" cb="0"/><line nr="33" mi="4" ci="0" mb="0" cb="0"/><line nr="34" mi="1" ci="0" mb="0" cb="0"/><line nr="37" mi="2" ci="0" mb="0" cb="0"/><line nr="38" mi="3" ci="0" mb="0" cb="0"/><line nr="39" mi="2" ci="0" mb="0" cb="0"/><line nr="41" mi="3" ci="0" mb="2" cb="0"/><line nr="42" mi="2" ci="0" mb="0" cb="0"/><line nr="46" mi="6" ci="0" mb="0" cb="0"/><line nr="47" mi="6" ci="0" mb="0" cb="0"/><line nr="48" mi="3" ci="0" mb="0" cb="0"/><line nr="49" mi="3" ci="0" mb="0" cb="0"/><line nr="50" mi="1" ci="0" mb="0" cb="0"/><line nr="51" mi="3" ci="0" mb="0" cb="0"/><line nr="55" mi="7" ci="0" mb="6" cb="0"/><line nr="57" mi="6" ci="0" mb="0" cb="0"/><line nr="58" mi="6" ci="0" mb="0" cb="0"/><line nr="59" mi="3" ci="0" mb="0" cb="0"/><line nr="60" mi="9" ci="0" mb="0" cb="0"/><line nr="61" mi="3" ci="0" mb="0" cb="0"/><line nr="64" mi="9" ci="0" mb="6" cb="0"/><line nr="66" mi="9" ci="0" mb="0" cb="0"/><line nr="67" mi="9" ci="0" mb="0" cb="0"/><line nr="68" mi="3" ci="0" mb="0" cb="0"/><line nr="69" mi="9" ci="0" mb="0" cb="0"/><line nr="70" mi="7" ci="0" mb="0" cb="0"/><line nr="74" mi="1" ci="0" mb="0" cb="0"/><line nr="78" mi="3" ci="0" mb="0" cb="0"/><line nr="79" mi="2" ci="0" mb="0" cb="0"/><line nr="80" mi="4" ci="0" mb="0" cb="0"/><line nr="83" mi="6" ci="0" mb="0" cb="0"/><line nr="84" mi="6" ci="0" mb="0" cb="0"/><line nr="87" mi="4" ci="0" mb="0" cb="0"/><line nr="88" mi="3" ci="0" mb="0" cb="0"/><line nr="89" mi="1" ci="0" mb="0" cb="0"/><line nr="90" mi="3" ci="0" mb="0" cb="0"/><line nr="93" mi="1" ci="0" mb="0" cb="0"/><line nr="95" mi="3" ci="0" mb="0" cb="0"/><line nr="99" mi="13" ci="0" mb="8" cb="0"/><line nr="102" mi="12" ci="0" mb="0" cb="0"/><line nr="103" mi="4" ci="0" mb="0" cb="0"/><line nr="104" mi="12" ci="0" mb="0" cb="0"/><line nr="105" mi="4" ci="0" mb="0" cb="0"/><line nr="108" mi="8" ci="0" mb="8" cb="0"/><line nr="111" mi="8" ci="0" mb="0" cb="0"/><line nr="112" mi="4" ci="0" mb="0" cb="0"/><line nr="113" mi="12" ci="0" mb="0" cb="0"/><line nr="114" mi="9" ci="0" mb="0" cb="0"/><line nr="119" mi="2" ci="0" mb="0" cb="0"/><counter type="INSTRUCTION" missed="255" covered="0"/><counter type="BRANCH" missed="30" covered="0"/><counter type="LINE" missed="54" covered="0"/><counter type="COMPLEXITY" missed="20" covered="0"/><counter type="METHOD" missed="5" covered="0"/><counter type="CLASS" missed="1" covered="0"/></sourcefile><counter type="INSTRUCTION" missed="255" covered="0"/><counter type="BRANCH" missed="30" covered="0"/><counter type="LINE" missed="54" covered="0"/><counter type="COMPLEXITY" missed="20" covered="0"/><counter type="METHOD" missed="5" covered="0"/><counter type="CLASS" missed="1" covered="0"/></package><package name="encriptación"><class name="encriptación/PasswordUtils"><method name="&lt;init&gt;" desc="()V" line="20"><counter type="INSTRUCTION" missed="3" covered="0"/><counter type="LINE" missed="1" covered="0"/><counter type="COMPLEXITY" missed="1" covered="0"/><counter type="METHOD" missed="1" covered="0"/></method><method name="getSalt" desc="(I)Ljava/lang/String;" line="28"><counter type="INSTRUCTION" missed="0" covered="26"/><counter type="BRANCH" missed="0" covered="2"/><counter type="LINE" missed="0" covered="4"/><counter type="COMPLEXITY" missed="0" covered="2"/><counter type="METHOD" missed="0" covered="1"/></method><method name="hash" desc="([C[B)[B" line="38"><counter type="INSTRUCTION" missed="20" covered="23"/><counter type="LINE" missed="2" covered="5"/><counter type="COMPLEXITY" missed="0" covered="1"/><counter type="METHOD" missed="0" covered="1"/></method><method name="generarPasswordSeguro" desc="(Ljava/lang/String;Ljava/lang/String;)Ljava/lang/String;" line="51"><counter type="INSTRUCTION" missed="0" covered="14"/><counter type="LINE" missed="0" covered="4"/><counter type="COMPLEXITY" missed="0" covered="1"/><counter type="METHOD" missed="0" covered="1"/></method><method name="verificarPassswordUsuario" desc="(Ljava/lang/String;Ljava/lang/String;Ljava/lang/String;)Z" line="63"><counter type="INSTRUCTION" missed="12" covered="0"/><counter type="LINE" missed="4" covered="0"/><counter type="COMPLEXITY" missed="1" covered="0"/><counter type="METHOD" missed="1" covered="0"/></method><method name="&lt;clinit&gt;" desc="()V" line="22"><counter type="INSTRUCTION" missed="0" covered="5"/><counter type="LINE" missed="0" covered="1"/><counter type="COMPLEXITY" missed="0" covered="1"/><counter type="METHOD" missed="0" covered="1"/></method><counter type="INSTRUCTION" missed="35" covered="68"/><counter type="BRANCH" missed="0" covered="2"/><counter type="LINE" missed="7" covered="14"/><counter type="COMPLEXITY" missed="2" covered="5"/><counter type="METHOD" missed="2" covered="4"/><counter type="CLASS" missed="0" covered="1"/></class><sourcefile name="PasswordUtils.java"><line nr="20" mi="3" ci="0" mb="0" cb="0"/><line nr="22" mi="0" ci="5" mb="0" cb="0"/><line nr="28" mi="0" ci="5" mb="0" cb="0"/><line nr="30" mi="0" ci="7" mb="0" cb="2"/><line nr="31" mi="0" ci="9" mb="0" cb="0"/><line nr="34" mi="0" ci="5" mb="0" cb="0"/><line nr="38" mi="0" ci="8" mb="0" cb="0"/><line nr="39" mi="0" ci="3" mb="0" cb="0"/><line nr="41" mi="0" ci="3" mb="0" cb="0"/><line nr="42" mi="0" ci="7" mb="0" cb="0"/><line nr="43" mi="1" ci="0" mb="0" cb="0"/><line nr="44" mi="14" ci="0" mb="0" cb="0"/><line nr="46" mi="5" ci="2" mb="0" cb="0"/><line nr="51" mi="0" ci="2" mb="0" cb="0"/><line nr="53" mi="0" ci="6" mb="0" cb="0"/><line nr="55" mi="0" ci="4" mb="0" cb="0"/><line nr="57" mi="0" ci="2" mb="0" cb="0"/><line nr="63" mi="2" ci="0" mb="0" cb="0"/><line nr="66" mi="4" ci="0" mb="0" cb="0"/><line nr="69" mi="4" ci="0" mb="0" cb="0"/><line nr="71" mi="2" ci="0" mb="0" cb="0"/><counter type="INSTRUCTION" missed="35" covered="68"/><counter type="BRANCH" missed="0" covered="2"/><counter type="LINE" missed="7" covered="14"/><counter type="COMPLEXITY" missed="2" covered="5"/><counter type="METHOD" missed="2" covered="4"/><counter type="CLASS" missed="0" covered="1"/></sourcefile><counter type="INSTRUCTION" missed="35" covered="68"/><counter type="BRANCH" missed="0" covered="2"/><counter type="LINE" missed="7" covered="14"/><counter type="COMPLEXITY" missed="2" covered="5"/><counter type="METHOD" missed="2" covered="4"/><counter type="CLASS" missed="0" covered="1"/></package><package name="dominio"><class name="dominio/Sistema"><method name="&lt;init&gt;" desc="()V" line="30"><counter type="INSTRUCTION" missed="0" covered="68"/><counter type="LINE" missed="0" covered="15"/><counter type="COMPLEXITY" missed="0" covered="1"/><counter type="METHOD" missed="0" covered="1"/></method><method name="listaActividadesPorFecha" desc="(III)Ljava/util/ArrayList;" line="47"><counter type="INSTRUCTION" missed="0" covered="54"/><counter type="BRANCH" missed="0" covered="18"/><counter type="LINE" missed="0" covered="7"/><counter type="COMPLEXITY" missed="0" covered="10"/><counter type="METHOD" missed="0" covered="1"/></method><method name="getVeterinarias" desc="()Ljava/util/ArrayList;" line="60"><counter type="INSTRUCTION" missed="0" covered="3"/><counter type="LINE" missed="0" covered="1"/><counter type="COMPLEXITY" missed="0" covered="1"/><counter type="METHOD" missed="0" covered="1"/></method><method name="setVeterinarias" desc="(Ljava/util/ArrayList;)V" line="64"><counter type="INSTRUCTION" missed="0" covered="4"/><counter type="LINE" missed="0" covered="2"/><counter type="COMPLEXITY" missed="0" covered="1"/><counter type="METHOD" missed="0" covered="1"/></method><method name="setUsuarios" desc="(Ljava/util/ArrayList;)V" line="68"><counter type="INSTRUCTION" missed="0" covered="4"/><counter type="LINE" missed="0" covered="2"/><counter type="COMPLEXITY" missed="0" covered="1"/><counter type="METHOD" missed="0" covered="1"/></method><method name="getUsuarios" desc="()Ljava/util/ArrayList;" line="72"><counter type="INSTRUCTION" missed="0" covered="3"/><counter type="LINE" missed="0" covered="1"/><counter type="COMPLEXITY" missed="0" covered="1"/><counter type="METHOD" missed="0" covered="1"/></method><method name="setMascotas" desc="(Ljava/util/ArrayList;)V" line="76"><counter type="INSTRUCTION" missed="0" covered="4"/><counter type="LINE" missed="0" covered="2"/><counter type="COMPLEXITY" missed="0" covered="1"/><counter type="METHOD" missed="0" covered="1"/></method><method name="getAnimales" desc="()Ljava/util/ArrayList;" line="80"><counter type="INSTRUCTION" missed="0" covered="3"/><counter type="LINE" missed="0" covered="1"/><counter type="COMPLEXITY" missed="0" covered="1"/><counter type="METHOD" missed="0" covered="1"/></method><method name="getActividades" desc="()Ljava/util/ArrayList;" line="84"><counter type="INSTRUCTION" missed="0" covered="3"/><counter type="LINE" missed="0" covered="1"/><counter type="COMPLEXITY" missed="0" covered="1"/><counter type="METHOD" missed="0" covered="1"/></method><method name="eliminarPerro" desc="(Ldominio/Animal;)V" line="89"><counter type="INSTRUCTION" missed="0" covered="15"/><counter type="BRANCH" missed="0" covered="2"/><counter type="LINE" missed="0" covered="4"/><counter type="COMPLEXITY" missed="0" covered="2"/><counter type="METHOD" missed="0" covered="1"/></method><method name="añadirUsuario" desc="(Ldominio/Usuario;)Z" line="97"><counter type="INSTRUCTION" missed="0" covered="13"/><counter type="BRANCH" missed="0" covered="2"/><counter type="LINE" missed="0" covered="4"/><counter type="COMPLEXITY" missed="0" covered="2"/><counter type="METHOD" missed="0" covered="1"/></method><method name="eliminarUsuario" desc="(Ldominio/Usuario;)V" line="105"><counter type="INSTRUCTION" missed="0" covered="15"/><counter type="BRANCH" missed="0" covered="2"/><counter type="LINE" missed="0" covered="4"/><counter type="COMPLEXITY" missed="0" covered="2"/><counter type="METHOD" missed="0" covered="1"/></method><method name="anadirActividad" desc="(Ldominio/Actividad;)V" line="113"><counter type="INSTRUCTION" missed="0" covered="10"/><counter type="LINE" missed="0" covered="3"/><counter type="COMPLEXITY" missed="0" covered="1"/><counter type="METHOD" missed="0" covered="1"/></method><method name="eliminarActividad" desc="(Ldominio/Actividad;)V" line="118"><counter type="INSTRUCTION" missed="0" covered="15"/><counter type="BRANCH" missed="0" covered="2"/><counter type="LINE" missed="0" covered="4"/><counter type="COMPLEXITY" missed="0" covered="2"/><counter type="METHOD" missed="0" covered="1"/></method><method name="anadirFecha" desc="(Ldominio/Fecha;)V" line="126"><counter type="INSTRUCTION" missed="0" covered="6"/><counter type="LINE" missed="0" covered="2"/><counter type="COMPLEXITY" missed="0" covered="1"/><counter type="METHOD" missed="0" covered="1"/></method><method name="eliminarFecha" desc="(Ldominio/Fecha;)V" line="130"><counter type="INSTRUCTION" missed="0" covered="15"/><counter type="BRANCH" missed="0" covered="2"/><counter type="LINE" missed="0" covered="4"/><counter type="COMPLEXITY" missed="0" covered="2"/><counter type="METHOD" missed="0" covered="1"/></method><method name="buscarUsuarioPorNombre" desc="(Ljava/lang/String;)Ldominio/Usuario;" line="138"><counter type="INSTRUCTION" missed="0" covered="26"/><counter type="BRANCH" missed="0" covered="4"/><counter type="LINE" missed="0" covered="4"/><counter type="COMPLEXITY" missed="0" covered="3"/><counter type="METHOD" missed="0" covered="1"/></method><method name="buscarPerroPorNombre" desc="(Ljava/lang/String;)Ldominio/Animal;" line="147"><counter type="INSTRUCTION" missed="0" covered="26"/><counter type="BRANCH" missed="0" covered="4"/><counter type="LINE" missed="0" covered="4"/><counter type="COMPLEXITY" missed="0" covered="3"/><counter type="METHOD" missed="0" covered="1"/></method><method name="buscarVetPorNombre" desc="(Ljava/lang/String;)Ldominio/Veterinaria;" line="156"><counter type="INSTRUCTION" missed="0" covered="26"/><counter type="BRANCH" missed="0" covered="4"/><counter type="LINE" missed="0" covered="4"/><counter type="COMPLEXITY" missed="0" covered="3"/><counter type="METHOD" missed="0" covered="1"/></method><method name="buscarPaseoPorNombre" desc="(Ljava/lang/String;)Ldominio/Paseo;" line="165"><counter type="INSTRUCTION" missed="0" covered="26"/><counter type="BRANCH" missed="0" covered="4"/><counter type="LINE" missed="0" covered="4"/><counter type="COMPLEXITY" missed="0" covered="3"/><counter type="METHOD" missed="0" covered="1"/></method><method name="buscarVisitaPorNombre" desc="(Ljava/lang/String;)Ldominio/VisitaVeterinaria;" line="174"><counter type="INSTRUCTION" missed="0" covered="26"/><counter type="BRANCH" missed="0" covered="4"/><counter type="LINE" missed="0" covered="4"/><counter type="COMPLEXITY" missed="0" covered="3"/><counter type="METHOD" missed="0" covered="1"/></method><method name="buscarActCualquieraPorNombre" desc="(Ljava/lang/String;)Ldominio/ActividadCualquiera;" line="183"><counter type="INSTRUCTION" missed="0" covered="26"/><counter type="BRANCH" missed="0" covered="4"/><counter type="LINE" missed="0" covered="4"/><counter type="COMPLEXITY" missed="0" covered="3"/><counter type="METHOD" missed="0" covered="1"/></method><method name="buscarAlimentacionPorNombre" desc="(Ljava/lang/String;)Ldominio/Alimentacion;" line="192"><counter type="INSTRUCTION" missed="0" covered="26"/><counter type="BRANCH" missed="0" covered="4"/><counter type="LINE" missed="0" covered="4"/><counter type="COMPLEXITY" missed="0" covered="3"/><counter type="METHOD" missed="0" covered="1"/></method><method name="getActsCualquieras" desc="()Ljava/util/ArrayList;" line="201"><counter type="INSTRUCTION" missed="0" covered="3"/><counter type="LINE" missed="0" covered="1"/><counter type="COMPLEXITY" missed="0" covered="1"/><counter type="METHOD" missed="0" covered="1"/></method><method name="setActsCualquieras" desc="(Ljava/util/ArrayList;)V" line="205"><counter type="INSTRUCTION" missed="0" covered="4"/><counter type="LINE" missed="0" covered="2"/><counter type="COMPLEXITY" missed="0" covered="1"/><counter type="METHOD" missed="0" covered="1"/></method><method name="getPaseos" desc="()Ljava/util/ArrayList;" line="209"><counter type="INSTRUCTION" missed="0" covered="3"/><counter type="LINE" missed="0" covered="1"/><counter type="COMPLEXITY" missed="0" covered="1"/><counter type="METHOD" missed="0" covered="1"/></method><method name="setPaseos" desc="(Ljava/util/ArrayList;)V" line="213"><counter type="INSTRUCTION" missed="0" covered="4"/><counter type="LINE" missed="0" covered="2"/><counter type="COMPLEXITY" missed="0" covered="1"/><counter type="METHOD" missed="0" covered="1"/></method><method name="getAlimentaciones" desc="()Ljava/util/ArrayList;" line="217"><counter type="INSTRUCTION" missed="0" covered="3"/><counter type="LINE" missed="0" covered="1"/><counter type="COMPLEXITY" missed="0" covered="1"/><counter type="METHOD" missed="0" covered="1"/></method><method name="setAlimentaciones" desc="(Ljava/util/ArrayList;)V" line="221"><counter type="INSTRUCTION" missed="0" covered="4"/><counter type="LINE" missed="0" covered="2"/><counter type="COMPLEXITY" missed="0" covered="1"/><counter type="METHOD" missed="0" covered="1"/></method><method name="getVisitas" desc="()Ljava/util/ArrayList;" line="225"><counter type="INSTRUCTION" missed="0" covered="3"/><counter type="LINE" missed="0" covered="1"/><counter type="COMPLEXITY" missed="0" covered="1"/><counter type="METHOD" missed="0" covered="1"/></method><method name="setVisitas" desc="(Ljava/util/ArrayList;)V" line="229"><counter type="INSTRUCTION" missed="0" covered="4"/><counter type="LINE" missed="0" covered="2"/><counter type="COMPLEXITY" missed="0" covered="1"/><counter type="METHOD" missed="0" covered="1"/></method><method name="getFechas" desc="()Ljava/util/ArrayList;" line="233"><counter type="INSTRUCTION" missed="0" covered="3"/><counter type="LINE" missed="0" covered="1"/><counter type="COMPLEXITY" missed="0" covered="1"/><counter type="METHOD" missed="0" covered="1"/></method><method name="getListaFuncionarios" desc="()Ljava/util/ArrayList;" line="237"><counter type="INSTRUCTION" missed="0" covered="3"/><counter type="LINE" missed="0" covered="1"/><counter type="COMPLEXITY" missed="0" covered="1"/><counter type="METHOD" missed="0" covered="1"/></method><method name="buscarFuncionario" desc="(Ldominio/Funcionario;)Ldominio/Funcionario;" line="241"><counter type="INSTRUCTION" missed="1" covered="19"/><counter type="BRANCH" missed="1" covered="3"/><counter type="LINE" missed="1" covered="3"/><counter type="COMPLEXITY" missed="1" covered="2"/><counter type="METHOD" missed="0" covered="1"/></method><method name="existeFuncionario" desc="(Ldominio/Funcionario;)Z" line="247"><counter type="INSTRUCTION" missed="0" covered="5"/><counter type="LINE" missed="0" covered="1"/><counter type="COMPLEXITY" missed="0" covered="1"/><counter type="METHOD" missed="0" covered="1"/></method><method name="agregarFuncionario" desc="(Ldominio/Funcionario;)V" line="250"><counter type="INSTRUCTION" missed="0" covered="6"/><counter type="LINE" missed="0" covered="2"/><counter type="COMPLEXITY" missed="0" covered="1"/><counter type="METHOD" missed="0" covered="1"/></method><method name="setFechas" desc="(Ljava/util/ArrayList;)V" line="254"><counter type="INSTRUCTION" missed="0" covered="4"/><counter type="LINE" missed="0" covered="2"/><counter type="COMPLEXITY" missed="0" covered="1"/><counter type="METHOD" missed="0" covered="1"/></method><method name="getListaTipoAnimales" desc="()Ljava/util/ArrayList;" line="258"><counter type="INSTRUCTION" missed="0" covered="3"/><counter type="LINE" missed="0" covered="1"/><counter type="COMPLEXITY" missed="0" covered="1"/><counter type="METHOD" missed="0" covered="1"/></method><method name="agregarAnimal" desc="(Ldominio/Animal;)V" line="261"><counter type="INSTRUCTION" missed="0" covered="6"/><counter type="LINE" missed="0" covered="2"/><counter type="COMPLEXITY" missed="0" covered="1"/><counter type="METHOD" missed="0" covered="1"/></method><method name="agregarTipo" desc="(Ljava/lang/String;)V" line="264"><counter type="INSTRUCTION" missed="0" covered="13"/><counter type="BRANCH" missed="0" covered="2"/><counter type="LINE" missed="0" covered="3"/><counter type="COMPLEXITY" missed="0" covered="2"/><counter type="METHOD" missed="0" covered="1"/></method><method name="getListaPadrinos" desc="()Ljava/util/ArrayList;" line="270"><counter type="INSTRUCTION" missed="0" covered="3"/><counter type="LINE" missed="0" covered="1"/><counter type="COMPLEXITY" missed="0" covered="1"/><counter type="METHOD" missed="0" covered="1"/></method><method name="agregarPadrino" desc="(Ldominio/Padrino;)V" line="274"><counter type="INSTRUCTION" missed="0" covered="6"/><counter type="LINE" missed="0" covered="2"/><counter type="COMPLEXITY" missed="0" covered="1"/><counter type="METHOD" missed="0" covered="1"/></method><method name="existeAnimal" desc="(Ldominio/Animal;)Z" line="278"><counter type="INSTRUCTION" missed="0" covered="5"/><counter type="LINE" missed="0" covered="1"/><counter type="COMPLEXITY" missed="0" covered="1"/><counter type="METHOD" missed="0" covered="1"/></method><method name="existeUsuario" desc="(Ldominio/Usuario;)Z" line="281"><counter type="INSTRUCTION" missed="0" covered="5"/><counter type="LINE" missed="0" covered="1"/><counter type="COMPLEXITY" missed="0" covered="1"/><counter type="METHOD" missed="0" covered="1"/></method><method name="agregarAdopcion" desc="(Ldominio/Adopcion;)V" line="285"><counter type="INSTRUCTION" missed="0" covered="6"/><counter type="LINE" missed="0" covered="2"/><counter type="COMPLEXITY" missed="0" covered="1"/><counter type="METHOD" missed="0" covered="1"/></method><method name="getListaAdopciones" desc="()Ljava/util/ArrayList;" line="289"><counter type="INSTRUCTION" missed="0" covered="3"/><counter type="LINE" missed="0" covered="1"/><counter type="COMPLEXITY" missed="0" covered="1"/><counter type="METHOD" missed="0" covered="1"/></method><counter type="INSTRUCTION" missed="1" covered="535"/><counter type="BRANCH" missed="1" covered="61"/><counter type="LINE" missed="1" covered="121"/><counter type="COMPLEXITY" missed="1" covered="76"/><counter type="METHOD" missed="0" covered="46"/><counter type="CLASS" missed="0" covered="1"/></class><class name="dominio/Animal"><method name="&lt;init&gt;" desc="(Ljava/lang/String;Ljava/lang/String;DDLjava/lang/String;)V" line="16"><counter type="INSTRUCTION" missed="0" covered="24"/><counter type="LINE" missed="0" covered="9"/><counter type="COMPLEXITY" missed="0" covered="1"/><counter type="METHOD" missed="0" covered="1"/></method><method name="estadoAdopcion" desc="()Ljava/lang/String;" line="26"><counter type="INSTRUCTION" missed="0" covered="7"/><counter type="BRANCH" missed="0" covered="2"/><counter type="LINE" missed="0" covered="2"/><counter type="COMPLEXITY" missed="0" covered="2"/><counter type="METHOD" missed="0" covered="1"/></method><method name="&lt;init&gt;" desc="()V" line="30"><counter type="INSTRUCTION" missed="0" covered="21"/><counter type="LINE" missed="0" covered="8"/><counter type="COMPLEXITY" missed="0" covered="1"/><counter type="METHOD" missed="0" covered="1"/></method><method name="getNombre" desc="()Ljava/lang/String;" line="40"><counter type="INSTRUCTION" missed="0" covered="3"/><counter type="LINE" missed="0" covered="1"/><counter type="COMPLEXITY" missed="0" covered="1"/><counter type="METHOD" missed="0" covered="1"/></method><method name="setNombre" desc="(Ljava/lang/String;)V" line="44"><counter type="INSTRUCTION" missed="0" covered="12"/><counter type="BRANCH" missed="0" covered="2"/><counter type="LINE" missed="0" covered="4"/><counter type="COMPLEXITY" missed="0" covered="2"/><counter type="METHOD" missed="0" covered="1"/></method><method name="getAltura" desc="()D" line="53"><counter type="INSTRUCTION" missed="0" covered="3"/><counter type="LINE" missed="0" covered="1"/><counter type="COMPLEXITY" missed="0" covered="1"/><counter type="METHOD" missed="0" covered="1"/></method><method name="setAltura" desc="(D)V" line="57"><counter type="INSTRUCTION" missed="0" covered="12"/><counter type="BRANCH" missed="0" covered="2"/><counter type="LINE" missed="0" covered="4"/><counter type="COMPLEXITY" missed="0" covered="2"/><counter type="METHOD" missed="0" covered="1"/></method><method name="getPeso" desc="()D" line="66"><counter type="INSTRUCTION" missed="0" covered="3"/><counter type="LINE" missed="0" covered="1"/><counter type="COMPLEXITY" missed="0" covered="1"/><counter type="METHOD" missed="0" covered="1"/></method><method name="setPeso" desc="(D)V" line="70"><counter type="INSTRUCTION" missed="0" covered="12"/><counter type="BRANCH" missed="0" covered="2"/><counter type="LINE" missed="0" covered="4"/><counter type="COMPLEXITY" missed="0" covered="2"/><counter type="METHOD" missed="0" covered="1"/></method><method name="getComentarios" desc="()Ljava/lang/String;" line="78"><counter type="INSTRUCTION" missed="0" covered="3"/><counter type="LINE" missed="0" covered="1"/><counter type="COMPLEXITY" missed="0" covered="1"/><counter type="METHOD" missed="0" covered="1"/></method><method name="setComentarios" desc="(Ljava/lang/String;)V" line="82"><counter type="INSTRUCTION" missed="0" covered="12"/><counter type="BRANCH" missed="0" covered="2"/><counter type="LINE" missed="0" covered="4"/><counter type="COMPLEXITY" missed="0" covered="2"/><counter type="METHOD" missed="0" covered="1"/></method><method name="getFoto" desc="()Ljavax/swing/ImageIcon;" line="91"><counter type="INSTRUCTION" missed="0" covered="3"/><counter type="LINE" missed="0" covered="1"/><counter type="COMPLEXITY" missed="0" covered="1"/><counter type="METHOD" missed="0" covered="1"/></method><method name="setFoto" desc="(Ljavax/swing/ImageIcon;)V" line="95"><counter type="INSTRUCTION" missed="0" covered="4"/><counter type="LINE" missed="0" covered="2"/><counter type="COMPLEXITY" missed="0" covered="1"/><counter type="METHOD" missed="0" covered="1"/></method><method name="adoptar" desc="()V" line="99"><counter type="INSTRUCTION" missed="0" covered="4"/><counter type="LINE" missed="0" covered="2"/><counter type="COMPLEXITY" missed="0" covered="1"/><counter type="METHOD" missed="0" covered="1"/></method><method name="estaAdoptado" desc="()Z" line="103"><counter type="INSTRUCTION" missed="0" covered="3"/><counter type="LINE" missed="0" covered="1"/><counter type="COMPLEXITY" missed="0" covered="1"/><counter type="METHOD" missed="0" covered="1"/></method><method name="setTipo" desc="(Ljava/lang/String;)V" line="107"><counter type="INSTRUCTION" missed="0" covered="4"/><counter type="LINE" missed="0" covered="2"/><counter type="COMPLEXITY" missed="0" covered="1"/><counter type="METHOD" missed="0" covered="1"/></method><method name="getTipo" desc="()Ljava/lang/String;" line="111"><counter type="INSTRUCTION" missed="0" covered="3"/><counter type="LINE" missed="0" covered="1"/><counter type="COMPLEXITY" missed="0" covered="1"/><counter type="METHOD" missed="0" covered="1"/></method><method name="toString" desc="()Ljava/lang/String;" line="116"><counter type="INSTRUCTION" missed="0" covered="3"/><counter type="LINE" missed="0" covered="1"/><counter type="COMPLEXITY" missed="0" covered="1"/><counter type="METHOD" missed="0" covered="1"/></method><method name="equals" desc="(Ljava/lang/Object;)Z" line="120"><counter type="INSTRUCTION" missed="0" covered="17"/><counter type="BRANCH" missed="0" covered="2"/><counter type="LINE" missed="0" covered="5"/><counter type="COMPLEXITY" missed="0" covered="2"/><counter type="METHOD" missed="0" covered="1"/></method><counter type="INSTRUCTION" missed="0" covered="153"/><counter type="BRANCH" missed="0" covered="12"/><counter type="LINE" missed="0" covered="54"/><counter type="COMPLEXITY" missed="0" covered="25"/><counter type="METHOD" missed="0" covered="19"/><counter type="CLASS" missed="0" covered="1"/></class><class name="dominio/Fecha"><method name="&lt;init&gt;" desc="(III)V" line="14"><counter type="INSTRUCTION" missed="0" covered="63"/><counter type="BRANCH" missed="0" covered="18"/><counter type="LINE" missed="0" covered="19"/><counter type="COMPLEXITY" missed="0" covered="10"/><counter type="METHOD" missed="0" covered="1"/></method><method name="&lt;init&gt;" desc="()V" line="45"><counter type="INSTRUCTION" missed="0" covered="17"/><counter type="LINE" missed="0" covered="6"/><counter type="COMPLEXITY" missed="0" covered="1"/><counter type="METHOD" missed="0" covered="1"/></method><method name="getDia" desc="()I" line="53"><counter type="INSTRUCTION" missed="0" covered="3"/><counter type="LINE" missed="0" covered="1"/><counter type="COMPLEXITY" missed="0" covered="1"/><counter type="METHOD" missed="0" covered="1"/></method><method name="setDia" desc="(I)V" line="57"><counter type="INSTRUCTION" missed="0" covered="21"/><counter type="BRANCH" missed="0" covered="4"/><counter type="LINE" missed="0" covered="7"/><counter type="COMPLEXITY" missed="0" covered="3"/><counter type="METHOD" missed="0" covered="1"/></method><method name="getMes" desc="()I" line="70"><counter type="INSTRUCTION" missed="0" covered="3"/><counter type="LINE" missed="0" covered="1"/><counter type="COMPLEXITY" missed="0" covered="1"/><counter type="METHOD" missed="0" covered="1"/></method><method name="setMes" desc="(I)V" line="74"><counter type="INSTRUCTION" missed="0" covered="32"/><counter type="BRANCH" missed="0" covered="12"/><counter type="LINE" missed="0" covered="9"/><counter type="COMPLEXITY" missed="0" covered="7"/><counter type="METHOD" missed="0" covered="1"/></method><method name="getAno" desc="()I" line="91"><counter type="INSTRUCTION" missed="0" covered="3"/><counter type="LINE" missed="0" covered="1"/><counter type="COMPLEXITY" missed="0" covered="1"/><counter type="METHOD" missed="0" covered="1"/></method><method name="setAno" desc="(I)V" line="95"><counter type="INSTRUCTION" missed="0" covered="10"/><counter type="BRANCH" missed="0" covered="2"/><counter type="LINE" missed="0" covered="4"/><counter type="COMPLEXITY" missed="0" covered="2"/><counter type="METHOD" missed="0" covered="1"/></method><method name="getActividades" desc="()Ljava/util/ArrayList;" line="103"><counter type="INSTRUCTION" missed="0" covered="3"/><counter type="LINE" missed="0" covered="1"/><counter type="COMPLEXITY" missed="0" covered="1"/><counter type="METHOD" missed="0" covered="1"/></method><method name="agregarActividad" desc="(Ldominio/Actividad;)V" line="107"><counter type="INSTRUCTION" missed="0" covered="6"/><counter type="LINE" missed="0" covered="2"/><counter type="COMPLEXITY" missed="0" covered="1"/><counter type="METHOD" missed="0" covered="1"/></method><method name="borrarActividad" desc="(Ldominio/Actividad;)V" line="111"><counter type="INSTRUCTION" missed="0" covered="15"/><counter type="BRANCH" missed="0" covered="2"/><counter type="LINE" missed="0" covered="4"/><counter type="COMPLEXITY" missed="0" covered="2"/><counter type="METHOD" missed="0" covered="1"/></method><method name="toString" desc="()Ljava/lang/String;" line="120"><counter type="INSTRUCTION" missed="0" covered="27"/><counter type="LINE" missed="0" covered="1"/><counter type="COMPLEXITY" missed="0" covered="1"/><counter type="METHOD" missed="0" covered="1"/></method><counter type="INSTRUCTION" missed="0" covered="203"/><counter type="BRANCH" missed="0" covered="38"/><counter type="LINE" missed="0" covered="56"/><counter type="COMPLEXITY" missed="0" covered="31"/><counter type="METHOD" missed="0" covered="12"/><counter type="CLASS" missed="0" covered="1"/></class><class name="dominio/Alimentacion"><method name="&lt;init&gt;" desc="(Ljava/lang/String;Ldominio/Usuario;Ldominio/Animal;Ljava/lang/String;ZLjava/time/LocalTime;Ldominio/Fecha;)V" line="16"><counter type="INSTRUCTION" missed="0" covered="24"/><counter type="LINE" missed="0" covered="9"/><counter type="COMPLEXITY" missed="0" covered="1"/><counter type="METHOD" missed="0" covered="1"/></method><method name="&lt;init&gt;" desc="()V" line="26"><counter type="INSTRUCTION" missed="0" covered="30"/><counter type="LINE" missed="0" covered="9"/><counter type="COMPLEXITY" missed="0" covered="1"/><counter type="METHOD" missed="0" covered="1"/></method><method name="getHora" desc="()Ljava/time/LocalTime;" line="39"><counter type="INSTRUCTION" missed="0" covered="3"/><counter type="LINE" missed="0" covered="1"/><counter type="COMPLEXITY" missed="0" covered="1"/><counter type="METHOD" missed="0" covered="1"/></method><method name="setHora" desc="(Ljava/time/LocalTime;)V" line="44"><counter type="INSTRUCTION" missed="0" covered="4"/><counter type="LINE" missed="0" covered="2"/><counter type="COMPLEXITY" missed="0" covered="1"/><counter type="METHOD" missed="0" covered="1"/></method><method name="getTipoAlimento" desc="()Ljava/lang/String;" line="48"><counter type="INSTRUCTION" missed="0" covered="3"/><counter type="LINE" missed="0" covered="1"/><counter type="COMPLEXITY" missed="0" covered="1"/><counter type="METHOD" missed="0" covered="1"/></method><method name="setTipoAlimento" desc="(Ljava/lang/String;)V" line="52"><counter type="INSTRUCTION" missed="0" covered="12"/><counter type="BRANCH" missed="0" covered="2"/><counter type="LINE" missed="0" covered="4"/><counter type="COMPLEXITY" missed="0" covered="2"/><counter type="METHOD" missed="0" covered="1"/></method><method name="getUsuario" desc="()Ldominio/Usuario;" line="61"><counter type="INSTRUCTION" missed="0" covered="3"/><counter type="LINE" missed="0" covered="1"/><counter type="COMPLEXITY" missed="0" covered="1"/><counter type="METHOD" missed="0" covered="1"/></method><method name="setUsuario" desc="(Ldominio/Usuario;)V" line="66"><counter type="INSTRUCTION" missed="0" covered="4"/><counter type="LINE" missed="0" covered="2"/><counter type="COMPLEXITY" missed="0" covered="1"/><counter type="METHOD" missed="0" covered="1"/></method><method name="getMascota" desc="()Ldominio/Animal;" line="71"><counter type="INSTRUCTION" missed="0" covered="3"/><counter type="LINE" missed="0" covered="1"/><counter type="COMPLEXITY" missed="0" covered="1"/><counter type="METHOD" missed="0" covered="1"/></method><method name="setMascota" desc="(Ldominio/Animal;)V" line="76"><counter type="INSTRUCTION" missed="0" covered="4"/><counter type="LINE" missed="0" covered="2"/><counter type="COMPLEXITY" missed="0" covered="1"/><counter type="METHOD" missed="0" covered="1"/></method><method name="getFueRealizado" desc="()Z" line="81"><counter type="INSTRUCTION" missed="0" covered="3"/><counter type="LINE" missed="0" covered="1"/><counter type="COMPLEXITY" missed="0" covered="1"/><counter type="METHOD" missed="0" covered="1"/></method><method name="setFueRealizado" desc="(Z)V" line="86"><counter type="INSTRUCTION" missed="0" covered="4"/><counter type="LINE" missed="0" covered="2"/><counter type="COMPLEXITY" missed="0" covered="1"/><counter type="METHOD" missed="0" covered="1"/></method><method name="getFecha" desc="()Ldominio/Fecha;" line="91"><counter type="INSTRUCTION" missed="0" covered="3"/><counter type="LINE" missed="0" covered="1"/><counter type="COMPLEXITY" missed="0" covered="1"/><counter type="METHOD" missed="0" covered="1"/></method><method name="setFecha" desc="(Ldominio/Fecha;)V" line="96"><counter type="INSTRUCTION" missed="0" covered="4"/><counter type="LINE" missed="0" covered="2"/><counter type="COMPLEXITY" missed="0" covered="1"/><counter type="METHOD" missed="0" covered="1"/></method><method name="toString" desc="()Ljava/lang/String;" line="101"><counter type="INSTRUCTION" missed="0" covered="42"/><counter type="LINE" missed="0" covered="1"/><counter type="COMPLEXITY" missed="0" covered="1"/><counter type="METHOD" missed="0" covered="1"/></method><method name="getNombre" desc="()Ljava/lang/String;" line="108"><counter type="INSTRUCTION" missed="0" covered="3"/><counter type="LINE" missed="0" covered="1"/><counter type="COMPLEXITY" missed="0" covered="1"/><counter type="METHOD" missed="0" covered="1"/></method><method name="setNombre" desc="(Ljava/lang/String;)V" line="112"><counter type="INSTRUCTION" missed="0" covered="12"/><counter type="BRANCH" missed="0" covered="2"/><counter type="LINE" missed="0" covered="4"/><counter type="COMPLEXITY" missed="0" covered="2"/><counter type="METHOD" missed="0" covered="1"/></method><counter type="INSTRUCTION" missed="0" covered="161"/><counter type="BRANCH" missed="0" covered="4"/><counter type="LINE" missed="0" covered="44"/><counter type="COMPLEXITY" missed="0" covered="19"/><counter type="METHOD" missed="0" covered="17"/><counter type="CLASS" missed="0" covered="1"/></class><class name="dominio/Adopcion"><method name="&lt;init&gt;" desc="(Ljava/lang/String;Ljava/lang/String;ILdominio/Animal;)V" line="21"><counter type="INSTRUCTION" missed="0" covered="17"/><counter type="LINE" missed="0" covered="7"/><counter type="COMPLEXITY" missed="0" covered="1"/><counter type="METHOD" missed="0" covered="1"/></method><method name="setNombreAdoptante" desc="(Ljava/lang/String;)V" line="30"><counter type="INSTRUCTION" missed="0" covered="4"/><counter type="LINE" missed="0" covered="2"/><counter type="COMPLEXITY" missed="0" covered="1"/><counter type="METHOD" missed="0" covered="1"/></method><method name="getNombreAdoptante" desc="()Ljava/lang/String;" line="34"><counter type="INSTRUCTION" missed="0" covered="3"/><counter type="LINE" missed="0" covered="1"/><counter type="COMPLEXITY" missed="0" covered="1"/><counter type="METHOD" missed="0" covered="1"/></method><method name="setApellidoAdoptante" desc="(Ljava/lang/String;)V" line="38"><counter type="INSTRUCTION" missed="0" covered="4"/><counter type="LINE" missed="0" covered="2"/><counter type="COMPLEXITY" missed="0" covered="1"/><counter type="METHOD" missed="0" covered="1"/></method><method name="getApellidoAdoptante" desc="()Ljava/lang/String;" line="42"><counter type="INSTRUCTION" missed="0" covered="3"/><counter type="LINE" missed="0" covered="1"/><counter type="COMPLEXITY" missed="0" covered="1"/><counter type="METHOD" missed="0" covered="1"/></method><method name="setTelefono" desc="(I)V" line="47"><counter type="INSTRUCTION" missed="0" covered="4"/><counter type="LINE" missed="0" covered="2"/><counter type="COMPLEXITY" missed="0" covered="1"/><counter type="METHOD" missed="0" covered="1"/></method><method name="getTelefono" desc="()I" line="51"><counter type="INSTRUCTION" missed="0" covered="3"/><counter type="LINE" missed="0" covered="1"/><counter type="COMPLEXITY" missed="0" covered="1"/><counter type="METHOD" missed="0" covered="1"/></method><method name="setAnimal" desc="(Ldominio/Animal;)V" line="55"><counter type="INSTRUCTION" missed="0" covered="4"/><counter type="LINE" missed="0" covered="2"/><counter type="COMPLEXITY" missed="0" covered="1"/><counter type="METHOD" missed="0" covered="1"/></method><method name="getAnimal" desc="()Ldominio/Animal;" line="59"><counter type="INSTRUCTION" missed="0" covered="3"/><counter type="LINE" missed="0" covered="1"/><counter type="COMPLEXITY" missed="0" covered="1"/><counter type="METHOD" missed="0" covered="1"/></method><method name="toString" desc="()Ljava/lang/String;" line="65"><counter type="INSTRUCTION" missed="0" covered="13"/><counter type="LINE" missed="0" covered="1"/><counter type="COMPLEXITY" missed="0" covered="1"/><counter type="METHOD" missed="0" covered="1"/></method><counter type="INSTRUCTION" missed="0" covered="58"/><counter type="LINE" missed="0" covered="20"/><counter type="COMPLEXITY" missed="0" covered="10"/><counter type="METHOD" missed="0" covered="10"/><counter type="CLASS" missed="0" covered="1"/></class><class name="dominio/ActividadCualquiera"><method name="&lt;init&gt;" desc="(Ljava/lang/String;Ldominio/Usuario;Ldominio/Animal;ZLjava/time/LocalTime;Ldominio/Fecha;)V" line="15"><counter type="INSTRUCTION" missed="0" covered="21"/><counter type="LINE" missed="0" covered="8"/><counter type="COMPLEXITY" missed="0" covered="1"/><counter type="METHOD" missed="0" covered="1"/></method><method name="&lt;init&gt;" desc="()V" line="24"><counter type="INSTRUCTION" missed="0" covered="27"/><counter type="LINE" missed="0" covered="8"/><counter type="COMPLEXITY" missed="0" covered="1"/><counter type="METHOD" missed="0" covered="1"/></method><method name="getHora" desc="()Ljava/time/LocalTime;" line="35"><counter type="INSTRUCTION" missed="0" covered="3"/><counter type="LINE" missed="0" covered="1"/><counter type="COMPLEXITY" missed="0" covered="1"/><counter type="METHOD" missed="0" covered="1"/></method><method name="setHora" desc="(Ljava/time/LocalTime;)V" line="40"><counter type="INSTRUCTION" missed="0" covered="4"/><counter type="LINE" missed="0" covered="2"/><counter type="COMPLEXITY" missed="0" covered="1"/><counter type="METHOD" missed="0" covered="1"/></method><method name="setNombre" desc="(Ljava/lang/String;)V" line="45"><counter type="INSTRUCTION" missed="0" covered="12"/><counter type="BRANCH" missed="0" covered="2"/><counter type="LINE" missed="0" covered="4"/><counter type="COMPLEXITY" missed="0" covered="2"/><counter type="METHOD" missed="0" covered="1"/></method><method name="getUsuario" desc="()Ldominio/Usuario;" line="54"><counter type="INSTRUCTION" missed="0" covered="3"/><counter type="LINE" missed="0" covered="1"/><counter type="COMPLEXITY" missed="0" covered="1"/><counter type="METHOD" missed="0" covered="1"/></method><method name="setUsuario" desc="(Ldominio/Usuario;)V" line="59"><counter type="INSTRUCTION" missed="0" covered="4"/><counter type="LINE" missed="0" covered="2"/><counter type="COMPLEXITY" missed="0" covered="1"/><counter type="METHOD" missed="0" covered="1"/></method><method name="getMascota" desc="()Ldominio/Animal;" line="64"><counter type="INSTRUCTION" missed="0" covered="3"/><counter type="LINE" missed="0" covered="1"/><counter type="COMPLEXITY" missed="0" covered="1"/><counter type="METHOD" missed="0" covered="1"/></method><method name="setMascota" desc="(Ldominio/Animal;)V" line="69"><counter type="INSTRUCTION" missed="0" covered="4"/><counter type="LINE" missed="0" covered="2"/><counter type="COMPLEXITY" missed="0" covered="1"/><counter type="METHOD" missed="0" covered="1"/></method><method name="getFueRealizado" desc="()Z" line="74"><counter type="INSTRUCTION" missed="0" covered="3"/><counter type="LINE" missed="0" covered="1"/><counter type="COMPLEXITY" missed="0" covered="1"/><counter type="METHOD" missed="0" covered="1"/></method><method name="setFueRealizado" desc="(Z)V" line="79"><counter type="INSTRUCTION" missed="0" covered="4"/><counter type="LINE" missed="0" covered="2"/><counter type="COMPLEXITY" missed="0" covered="1"/><counter type="METHOD" missed="0" covered="1"/></method><method name="getFecha" desc="()Ldominio/Fecha;" line="84"><counter type="INSTRUCTION" missed="0" covered="3"/><counter type="LINE" missed="0" covered="1"/><counter type="COMPLEXITY" missed="0" covered="1"/><counter type="METHOD" missed="0" covered="1"/></method><method name="setFecha" desc="(Ldominio/Fecha;)V" line="89"><counter type="INSTRUCTION" missed="0" covered="4"/><counter type="LINE" missed="0" covered="2"/><counter type="COMPLEXITY" missed="0" covered="1"/><counter type="METHOD" missed="0" covered="1"/></method><method name="toString" desc="()Ljava/lang/String;" line="94"><counter type="INSTRUCTION" missed="0" covered="37"/><counter type="LINE" missed="0" covered="1"/><counter type="COMPLEXITY" missed="0" covered="1"/><counter type="METHOD" missed="0" covered="1"/></method><method name="getNombre" desc="()Ljava/lang/String;" line="99"><counter type="INSTRUCTION" missed="0" covered="3"/><counter type="LINE" missed="0" covered="1"/><counter type="COMPLEXITY" missed="0" covered="1"/><counter type="METHOD" missed="0" covered="1"/></method><counter type="INSTRUCTION" missed="0" covered="135"/><counter type="BRANCH" missed="0" covered="2"/><counter type="LINE" missed="0" covered="37"/><counter type="COMPLEXITY" missed="0" covered="16"/><counter type="METHOD" missed="0" covered="15"/><counter type="CLASS" missed="0" covered="1"/></class><class name="dominio/Actividad"><method name="&lt;init&gt;" desc="()V" line="6"><counter type="INSTRUCTION" missed="0" covered="3"/><counter type="LINE" missed="0" covered="1"/><counter type="COMPLEXITY" missed="0" covered="1"/><counter type="METHOD" missed="0" covered="1"/></method><counter type="INSTRUCTION" missed="0" covered="3"/><counter type="LINE" missed="0" covered="1"/><counter type="COMPLEXITY" missed="0" covered="1"/><counter type="METHOD" missed="0" covered="1"/><counter type="CLASS" missed="0" covered="1"/></class><class name="dominio/Funcionario"><method name="&lt;init&gt;" desc="(Ljava/lang/String;Ljava/lang/String;Ljava/lang/String;)V" line="22"><counter type="INSTRUCTION" missed="0" covered="19"/><counter type="LINE" missed="0" covered="6"/><counter type="COMPLEXITY" missed="0" covered="1"/><counter type="METHOD" missed="0" covered="1"/></method><method name="getEmail" desc="()Ljava/lang/String;" line="30"><counter type="INSTRUCTION" missed="0" covered="3"/><counter type="LINE" missed="0" covered="1"/><counter type="COMPLEXITY" missed="0" covered="1"/><counter type="METHOD" missed="0" covered="1"/></method><method name="getUsername" desc="()Ljava/lang/String;" line="34"><counter type="INSTRUCTION" missed="0" covered="3"/><counter type="LINE" missed="0" covered="1"/><counter type="COMPLEXITY" missed="0" covered="1"/><counter type="METHOD" missed="0" covered="1"/></method><method name="getPassword" desc="()Ljava/lang/String;" line="38"><counter type="INSTRUCTION" missed="0" covered="3"/><counter type="LINE" missed="0" covered="1"/><counter type="COMPLEXITY" missed="0" covered="1"/><counter type="METHOD" missed="0" covered="1"/></method><method name="getGeneratedSalt" desc="()Ljava/lang/String;" line="42"><counter type="INSTRUCTION" missed="0" covered="3"/><counter type="LINE" missed="0" covered="1"/><counter type="COMPLEXITY" missed="0" covered="1"/><counter type="METHOD" missed="0" covered="1"/></method><method name="setUsername" desc="(Ljava/lang/String;)V" line="47"><counter type="INSTRUCTION" missed="0" covered="4"/><counter type="LINE" missed="0" covered="2"/><counter type="COMPLEXITY" missed="0" covered="1"/><counter type="METHOD" missed="0" covered="1"/></method><method name="setEmail" desc="(Ljava/lang/String;)V" line="51"><counter type="INSTRUCTION" missed="0" covered="4"/><counter type="LINE" missed="0" covered="2"/><counter type="COMPLEXITY" missed="0" covered="1"/><counter type="METHOD" missed="0" covered="1"/></method><method name="setPassword" desc="(Ljava/lang/String;)V" line="57"><counter type="INSTRUCTION" missed="0" covered="11"/><counter type="LINE" missed="0" covered="3"/><counter type="COMPLEXITY" missed="0" covered="1"/><counter type="METHOD" missed="0" covered="1"/></method><method name="equals" desc="(Ljava/lang/Object;)Z" line="65"><counter type="INSTRUCTION" missed="1" covered="23"/><counter type="BRANCH" missed="1" covered="5"/><counter type="LINE" missed="0" covered="4"/><counter type="COMPLEXITY" missed="1" covered="3"/><counter type="METHOD" missed="0" covered="1"/></method><counter type="INSTRUCTION" missed="1" covered="73"/><counter type="BRANCH" missed="1" covered="5"/><counter type="LINE" missed="0" covered="21"/><counter type="COMPLEXITY" missed="1" covered="11"/><counter type="METHOD" missed="0" covered="9"/><counter type="CLASS" missed="0" covered="1"/></class><class name="dominio/Main"><method name="&lt;init&gt;" desc="()V" line="8"><counter type="INSTRUCTION" missed="3" covered="0"/><counter type="LINE" missed="1" covered="0"/><counter type="COMPLEXITY" missed="1" covered="0"/><counter type="METHOD" missed="1" covered="0"/></method><method name="main" desc="([Ljava/lang/String;)V" line="10"><counter type="INSTRUCTION" missed="18" covered="0"/><counter type="LINE" missed="5" covered="0"/><counter type="COMPLEXITY" missed="1" covered="0"/><counter type="METHOD" missed="1" covered="0"/></method><counter type="INSTRUCTION" missed="21" covered="0"/><counter type="LINE" missed="6" covered="0"/><counter type="COMPLEXITY" missed="2" covered="0"/><counter type="METHOD" missed="2" covered="0"/><counter type="CLASS" missed="1" covered="0"/></class><class name="dominio/Veterinaria"><method name="&lt;init&gt;" desc="()V" line="22"><counter type="INSTRUCTION" missed="0" covered="17"/><counter type="LINE" missed="0" covered="6"/><counter type="COMPLEXITY" missed="0" covered="1"/><counter type="METHOD" missed="0" covered="1"/></method><method name="&lt;init&gt;" desc="(Ljava/lang/String;Ljava/util/ArrayList;II)V" line="29"><counter type="INSTRUCTION" missed="0" covered="15"/><counter type="LINE" missed="0" covered="6"/><counter type="COMPLEXITY" missed="0" covered="1"/><counter type="METHOD" missed="0" covered="1"/></method><method name="getNombre" desc="()Ljava/lang/String;" line="37"><counter type="INSTRUCTION" missed="0" covered="3"/><counter type="LINE" missed="0" covered="1"/><counter type="COMPLEXITY" missed="0" covered="1"/><counter type="METHOD" missed="0" covered="1"/></method><method name="setNombre" desc="(Ljava/lang/String;)V" line="41"><counter type="INSTRUCTION" missed="0" covered="12"/><counter type="BRANCH" missed="0" covered="2"/><counter type="LINE" missed="0" covered="4"/><counter type="COMPLEXITY" missed="0" covered="2"/><counter type="METHOD" missed="0" covered="1"/></method><method name="getActividadesAgendadas" desc="()Ljava/util/ArrayList;" line="49"><counter type="INSTRUCTION" missed="0" covered="3"/><counter type="LINE" missed="0" covered="1"/><counter type="COMPLEXITY" missed="0" covered="1"/><counter type="METHOD" missed="0" covered="1"/></method><method name="setActividadesAgendadas" desc="(Ljava/util/ArrayList;)V" line="53"><counter type="INSTRUCTION" missed="0" covered="4"/><counter type="LINE" missed="0" covered="2"/><counter type="COMPLEXITY" missed="0" covered="1"/><counter type="METHOD" missed="0" covered="1"/></method><method name="agendarActividad" desc="(Ldominio/VisitaVeterinaria;)Z" line="57"><counter type="INSTRUCTION" missed="0" covered="68"/><counter type="BRANCH" missed="0" covered="14"/><counter type="LINE" missed="0" covered="13"/><counter type="COMPLEXITY" missed="0" covered="8"/><counter type="METHOD" missed="0" covered="1"/></method><method name="eliminarActividadAgendada" desc="(Ldominio/Actividad;)V" line="77"><counter type="INSTRUCTION" missed="0" covered="11"/><counter type="BRANCH" missed="0" covered="2"/><counter type="LINE" missed="0" covered="3"/><counter type="COMPLEXITY" missed="0" covered="2"/><counter type="METHOD" missed="0" covered="1"/></method><method name="getHoraInicial" desc="()I" line="84"><counter type="INSTRUCTION" missed="0" covered="3"/><counter type="LINE" missed="0" covered="1"/><counter type="COMPLEXITY" missed="0" covered="1"/><counter type="METHOD" missed="0" covered="1"/></method><method name="setHoraInicial" desc="(I)V" line="88"><counter type="INSTRUCTION" missed="0" covered="17"/><counter type="BRANCH" missed="0" covered="4"/><counter type="LINE" missed="0" covered="6"/><counter type="COMPLEXITY" missed="0" covered="3"/><counter type="METHOD" missed="0" covered="1"/></method><method name="getHoraFinal" desc="()I" line="101"><counter type="INSTRUCTION" missed="0" covered="3"/><counter type="LINE" missed="0" covered="1"/><counter type="COMPLEXITY" missed="0" covered="1"/><counter type="METHOD" missed="0" covered="1"/></method><method name="setHoraFinal" desc="(I)V" line="105"><counter type="INSTRUCTION" missed="0" covered="17"/><counter type="BRANCH" missed="0" covered="4"/><counter type="LINE" missed="0" covered="6"/><counter type="COMPLEXITY" missed="0" covered="3"/><counter type="METHOD" missed="0" covered="1"/></method><method name="toString" desc="()Ljava/lang/String;" line="118"><counter type="INSTRUCTION" missed="0" covered="3"/><counter type="LINE" missed="0" covered="1"/><counter type="COMPLEXITY" missed="0" covered="1"/><counter type="METHOD" missed="0" covered="1"/></method><counter type="INSTRUCTION" missed="0" covered="176"/><counter type="BRANCH" missed="0" covered="26"/><counter type="LINE" missed="0" covered="51"/><counter type="COMPLEXITY" missed="0" covered="26"/><counter type="METHOD" missed="0" covered="13"/><counter type="CLASS" missed="0" covered="1"/></class><class name="dominio/Padrino"><method name="&lt;init&gt;" desc="(Ljava/lang/String;Ljava/lang/String;ILjava/lang/String;Ljava/lang/String;Ljava/lang/String;ILjava/lang/String;Ljava/lang/String;Ljava/lang/String;)V" line="29"><counter type="INSTRUCTION" missed="0" covered="38"/><counter type="LINE" missed="0" covered="13"/><counter type="COMPLEXITY" missed="0" covered="1"/><counter type="METHOD" missed="0" covered="1"/></method><method name="setNombre" desc="(Ljava/lang/String;)V" line="44"><counter type="INSTRUCTION" missed="0" covered="4"/><counter type="LINE" missed="0" covered="2"/><counter type="COMPLEXITY" missed="0" covered="1"/><counter type="METHOD" missed="0" covered="1"/></method><method name="getNombre" desc="()Ljava/lang/String;" line="48"><counter type="INSTRUCTION" missed="0" covered="3"/><counter type="LINE" missed="0" covered="1"/><counter type="COMPLEXITY" missed="0" covered="1"/><counter type="METHOD" missed="0" covered="1"/></method><method name="setApellido" desc="(Ljava/lang/String;)V" line="52"><counter type="INSTRUCTION" missed="0" covered="4"/><counter type="LINE" missed="0" covered="2"/><counter type="COMPLEXITY" missed="0" covered="1"/><counter type="METHOD" missed="0" covered="1"/></method><method name="getApellido" desc="()Ljava/lang/String;" line="56"><counter type="INSTRUCTION" missed="0" covered="3"/><counter type="LINE" missed="0" covered="1"/><counter type="COMPLEXITY" missed="0" covered="1"/><counter type="METHOD" missed="0" covered="1"/></method><method name="setTelefono" desc="(I)V" line="60"><counter type="INSTRUCTION" missed="0" covered="4"/><counter type="LINE" missed="0" covered="2"/><counter type="COMPLEXITY" missed="0" covered="1"/><counter type="METHOD" missed="0" covered="1"/></method><method name="getTelefono" desc="()I" line="64"><counter type="INSTRUCTION" missed="0" covered="3"/><counter type="LINE" missed="0" covered="1"/><counter type="COMPLEXITY" missed="0" covered="1"/><counter type="METHOD" missed="0" covered="1"/></method><method name="setEmail" desc="(Ljava/lang/String;)V" line="68"><counter type="INSTRUCTION" missed="0" covered="4"/><counter type="LINE" missed="0" covered="2"/><counter type="COMPLEXITY" missed="0" covered="1"/><counter type="METHOD" missed="0" covered="1"/></method><method name="getEmail" desc="()Ljava/lang/String;" line="72"><counter type="INSTRUCTION" missed="0" covered="3"/><counter type="LINE" missed="0" covered="1"/><counter type="COMPLEXITY" missed="0" covered="1"/><counter type="METHOD" missed="0" covered="1"/></method><method name="setCiudad" desc="(Ljava/lang/String;)V" line="76"><counter type="INSTRUCTION" missed="0" covered="4"/><counter type="LINE" missed="0" covered="2"/><counter type="COMPLEXITY" missed="0" covered="1"/><counter type="METHOD" missed="0" covered="1"/></method><method name="getCiudad" desc="()Ljava/lang/String;" line="80"><counter type="INSTRUCTION" missed="0" covered="3"/><counter type="LINE" missed="0" covered="1"/><counter type="COMPLEXITY" missed="0" covered="1"/><counter type="METHOD" missed="0" covered="1"/></method><method name="setPais" desc="(Ljava/lang/String;)V" line="84"><counter type="INSTRUCTION" missed="0" covered="4"/><counter type="LINE" missed="0" covered="2"/><counter type="COMPLEXITY" missed="0" covered="1"/><counter type="METHOD" missed="0" covered="1"/></method><method name="getPais" desc="()Ljava/lang/String;" line="88"><counter type="INSTRUCTION" missed="0" covered="3"/><counter type="LINE" missed="0" covered="1"/><counter type="COMPLEXITY" missed="0" covered="1"/><counter type="METHOD" missed="0" covered="1"/></method><method name="addAnimalApadrinado" desc="(Ldominio/Animal;)V" line="92"><counter type="INSTRUCTION" missed="0" covered="6"/><counter type="LINE" missed="0" covered="2"/><counter type="COMPLEXITY" missed="0" covered="1"/><counter type="METHOD" missed="0" covered="1"/></method><method name="getApadrinados" desc="()Ljava/util/ArrayList;" line="96"><counter type="INSTRUCTION" missed="0" covered="3"/><counter type="LINE" missed="0" covered="1"/><counter type="COMPLEXITY" missed="0" covered="1"/><counter type="METHOD" missed="0" covered="1"/></method><method name="setApadrinados" desc="(Ljava/util/ArrayList;)V" line="100"><counter type="INSTRUCTION" missed="0" covered="4"/><counter type="LINE" missed="0" covered="2"/><counter type="COMPLEXITY" missed="0" covered="1"/><counter type="METHOD" missed="0" covered="1"/></method><method name="setMonto" desc="(I)V" line="104"><counter type="INSTRUCTION" missed="0" covered="4"/><counter type="LINE" missed="0" covered="2"/><counter type="COMPLEXITY" missed="0" covered="1"/><counter type="METHOD" missed="0" covered="1"/></method><method name="getMonto" desc="()I" line="108"><counter type="INSTRUCTION" missed="0" covered="3"/><counter type="LINE" missed="0" covered="1"/><counter type="COMPLEXITY" missed="0" covered="1"/><counter type="METHOD" missed="0" covered="1"/></method><method name="setMetodoPago" desc="(Ljava/lang/String;)V" line="112"><counter type="INSTRUCTION" missed="0" covered="4"/><counter type="LINE" missed="0" covered="2"/><counter type="COMPLEXITY" missed="0" covered="1"/><counter type="METHOD" missed="0" covered="1"/></method><method name="getMetodo" desc="()Ljava/lang/String;" line="116"><counter type="INSTRUCTION" missed="0" covered="3"/><counter type="LINE" missed="0" covered="1"/><counter type="COMPLEXITY" missed="0" covered="1"/><counter type="METHOD" missed="0" covered="1"/></method><method name="setMoneda" desc="(Ljava/lang/String;)V" line="120"><counter type="INSTRUCTION" missed="0" covered="4"/><counter type="LINE" missed="0" covered="2"/><counter type="COMPLEXITY" missed="0" covered="1"/><counter type="METHOD" missed="0" covered="1"/></method><method name="getMoneda" desc="()Ljava/lang/String;" line="124"><counter type="INSTRUCTION" missed="0" covered="3"/><counter type="LINE" missed="0" covered="1"/><counter type="COMPLEXITY" missed="0" covered="1"/><counter type="METHOD" missed="0" covered="1"/></method><method name="setFrecuencia" desc="(Ljava/lang/String;)V" line="128"><counter type="INSTRUCTION" missed="0" covered="4"/><counter type="LINE" missed="0" covered="2"/><counter type="COMPLEXITY" missed="0" covered="1"/><counter type="METHOD" missed="0" covered="1"/></method><method name="getFrecuencia" desc="()Ljava/lang/String;" line="132"><counter type="INSTRUCTION" missed="0" covered="3"/><counter type="LINE" missed="0" covered="1"/><counter type="COMPLEXITY" missed="0" covered="1"/><counter type="METHOD" missed="0" covered="1"/></method><method name="toString" desc="()Ljava/lang/String;" line="138"><counter type="INSTRUCTION" missed="0" covered="3"/><counter type="LINE" missed="0" covered="1"/><counter type="COMPLEXITY" missed="0" covered="1"/><counter type="METHOD" missed="0" covered="1"/></method><counter type="INSTRUCTION" missed="0" covered="124"/><counter type="LINE" missed="0" covered="49"/><counter type="COMPLEXITY" missed="0" covered="25"/><counter type="METHOD" missed="0" covered="25"/><counter type="CLASS" missed="0" covered="1"/></class><class name="dominio/Usuario"><method name="&lt;init&gt;" desc="(Ljava/lang/String;Ljava/lang/String;)V" line="12"><counter type="INSTRUCTION" missed="0" covered="14"/><counter type="LINE" missed="0" covered="5"/><counter type="COMPLEXITY" missed="0" covered="1"/><counter type="METHOD" missed="0" covered="1"/></method><method name="&lt;init&gt;" desc="()V" line="18"><counter type="INSTRUCTION" missed="0" covered="14"/><counter type="LINE" missed="0" covered="5"/><counter type="COMPLEXITY" missed="0" covered="1"/><counter type="METHOD" missed="0" covered="1"/></method><method name="getActividades" desc="()Ljava/util/ArrayList;" line="25"><counter type="INSTRUCTION" missed="0" covered="3"/><counter type="LINE" missed="0" covered="1"/><counter type="COMPLEXITY" missed="0" covered="1"/><counter type="METHOD" missed="0" covered="1"/></method><method name="getNombre" desc="()Ljava/lang/String;" line="29"><counter type="INSTRUCTION" missed="0" covered="3"/><counter type="LINE" missed="0" covered="1"/><counter type="COMPLEXITY" missed="0" covered="1"/><counter type="METHOD" missed="0" covered="1"/></method><method name="setNombre" desc="(Ljava/lang/String;)V" line="33"><counter type="INSTRUCTION" missed="0" covered="12"/><counter type="BRANCH" missed="0" covered="2"/><counter type="LINE" missed="0" covered="4"/><counter type="COMPLEXITY" missed="0" covered="2"/><counter type="METHOD" missed="0" covered="1"/></method><method name="getMail" desc="()Ljava/lang/String;" line="41"><counter type="INSTRUCTION" missed="0" covered="3"/><counter type="LINE" missed="0" covered="1"/><counter type="COMPLEXITY" missed="0" covered="1"/><counter type="METHOD" missed="0" covered="1"/></method><method name="setMail" desc="(Ljava/lang/String;)V" line="45"><counter type="INSTRUCTION" missed="0" covered="12"/><counter type="BRANCH" missed="0" covered="2"/><counter type="LINE" missed="0" covered="4"/><counter type="COMPLEXITY" missed="0" covered="2"/><counter type="METHOD" missed="0" covered="1"/></method><method name="agregarActividad" desc="(Ldominio/Actividad;)V" line="53"><counter type="INSTRUCTION" missed="0" covered="6"/><counter type="LINE" missed="0" covered="2"/><counter type="COMPLEXITY" missed="0" covered="1"/><counter type="METHOD" missed="0" covered="1"/></method><method name="toString" desc="()Ljava/lang/String;" line="58"><counter type="INSTRUCTION" missed="0" covered="3"/><counter type="LINE" missed="0" covered="1"/><counter type="COMPLEXITY" missed="0" covered="1"/><counter type="METHOD" missed="0" covered="1"/></method><method name="equals" desc="(Ljava/lang/Object;)Z" line="63"><counter type="INSTRUCTION" missed="0" covered="17"/><counter type="BRANCH" missed="0" covered="2"/><counter type="LINE" missed="0" covered="5"/><counter type="COMPLEXITY" missed="0" covered="2"/><counter type="METHOD" missed="0" covered="1"/></method><counter type="INSTRUCTION" missed="0" covered="87"/><counter type="BRANCH" missed="0" covered="6"/><counter type="LINE" missed="0" covered="29"/><counter type="COMPLEXITY" missed="0" covered="13"/><counter type="METHOD" missed="0" covered="10"/><counter type="CLASS" missed="0" covered="1"/></class><class name="dominio/Paseo"><method name="&lt;init&gt;" desc="(Ljava/lang/String;Ldominio/Usuario;Ldominio/Animal;DZLjava/time/LocalTime;Ldominio/Fecha;)V" line="18"><counter type="INSTRUCTION" missed="0" covered="27"/><counter type="LINE" missed="0" covered="10"/><counter type="COMPLEXITY" missed="0" covered="1"/><counter type="METHOD" missed="0" covered="1"/></method><method name="&lt;init&gt;" desc="()V" line="29"><counter type="INSTRUCTION" missed="0" covered="33"/><counter type="LINE" missed="0" covered="10"/><counter type="COMPLEXITY" missed="0" covered="1"/><counter type="METHOD" missed="0" covered="1"/></method><method name="getRuta" desc="()Ljavax/swing/ImageIcon;" line="41"><counter type="INSTRUCTION" missed="0" covered="3"/><counter type="LINE" missed="0" covered="1"/><counter type="COMPLEXITY" missed="0" covered="1"/><counter type="METHOD" missed="0" covered="1"/></method><method name="setRuta" desc="(Ljavax/swing/ImageIcon;)V" line="45"><counter type="INSTRUCTION" missed="0" covered="4"/><counter type="LINE" missed="0" covered="2"/><counter type="COMPLEXITY" missed="0" covered="1"/><counter type="METHOD" missed="0" covered="1"/></method><method name="getHora" desc="()Ljava/time/LocalTime;" line="50"><counter type="INSTRUCTION" missed="0" covered="3"/><counter type="LINE" missed="0" covered="1"/><counter type="COMPLEXITY" missed="0" covered="1"/><counter type="METHOD" missed="0" covered="1"/></method><method name="setHora" desc="(Ljava/time/LocalTime;)V" line="55"><counter type="INSTRUCTION" missed="0" covered="4"/><counter type="LINE" missed="0" covered="2"/><counter type="COMPLEXITY" missed="0" covered="1"/><counter type="METHOD" missed="0" covered="1"/></method><method name="getDistancia" desc="()D" line="59"><counter type="INSTRUCTION" missed="0" covered="3"/><counter type="LINE" missed="0" covered="1"/><counter type="COMPLEXITY" missed="0" covered="1"/><counter type="METHOD" missed="0" covered="1"/></method><method name="setDistancia" desc="(D)V" line="63"><counter type="INSTRUCTION" missed="0" covered="12"/><counter type="BRANCH" missed="0" covered="2"/><counter type="LINE" missed="0" covered="4"/><counter type="COMPLEXITY" missed="0" covered="2"/><counter type="METHOD" missed="0" covered="1"/></method><method name="getUsuario" desc="()Ldominio/Usuario;" line="72"><counter type="INSTRUCTION" missed="0" covered="3"/><counter type="LINE" missed="0" covered="1"/><counter type="COMPLEXITY" missed="0" covered="1"/><counter type="METHOD" missed="0" covered="1"/></method><method name="setUsuario" desc="(Ldominio/Usuario;)V" line="77"><counter type="INSTRUCTION" missed="0" covered="4"/><counter type="LINE" missed="0" covered="2"/><counter type="COMPLEXITY" missed="0" covered="1"/><counter type="METHOD" missed="0" covered="1"/></method><method name="getMascota" desc="()Ldominio/Animal;" line="82"><counter type="INSTRUCTION" missed="0" covered="3"/><counter type="LINE" missed="0" covered="1"/><counter type="COMPLEXITY" missed="0" covered="1"/><counter type="METHOD" missed="0" covered="1"/></method><method name="setMascota" desc="(Ldominio/Animal;)V" line="87"><counter type="INSTRUCTION" missed="0" covered="4"/><counter type="LINE" missed="0" covered="2"/><counter type="COMPLEXITY" missed="0" covered="1"/><counter type="METHOD" missed="0" covered="1"/></method><method name="getFueRealizado" desc="()Z" line="92"><counter type="INSTRUCTION" missed="0" covered="3"/><counter type="LINE" missed="0" covered="1"/><counter type="COMPLEXITY" missed="0" covered="1"/><counter type="METHOD" missed="0" covered="1"/></method><method name="setFueRealizado" desc="(Z)V" line="97"><counter type="INSTRUCTION" missed="0" covered="4"/><counter type="LINE" missed="0" covered="2"/><counter type="COMPLEXITY" missed="0" covered="1"/><counter type="METHOD" missed="0" covered="1"/></method><method name="getFecha" desc="()Ldominio/Fecha;" line="102"><counter type="INSTRUCTION" missed="0" covered="3"/><counter type="LINE" missed="0" covered="1"/><counter type="COMPLEXITY" missed="0" covered="1"/><counter type="METHOD" missed="0" covered="1"/></method><method name="setFecha" desc="(Ldominio/Fecha;)V" line="106"><counter type="INSTRUCTION" missed="0" covered="4"/><counter type="LINE" missed="0" covered="2"/><counter type="COMPLEXITY" missed="0" covered="1"/><counter type="METHOD" missed="0" covered="1"/></method><method name="toString" desc="()Ljava/lang/String;" line="111"><counter type="INSTRUCTION" missed="0" covered="42"/><counter type="LINE" missed="0" covered="1"/><counter type="COMPLEXITY" missed="0" covered="1"/><counter type="METHOD" missed="0" covered="1"/></method><method name="getNombre" desc="()Ljava/lang/String;" line="116"><counter type="INSTRUCTION" missed="0" covered="3"/><counter type="LINE" missed="0" covered="1"/><counter type="COMPLEXITY" missed="0" covered="1"/><counter type="METHOD" missed="0" covered="1"/></method><method name="setNombre" desc="(Ljava/lang/String;)V" line="121"><counter type="INSTRUCTION" missed="0" covered="12"/><counter type="BRANCH" missed="0" covered="2"/><counter type="LINE" missed="0" covered="4"/><counter type="COMPLEXITY" missed="0" covered="2"/><counter type="METHOD" missed="0" covered="1"/></method><counter type="INSTRUCTION" missed="0" covered="174"/><counter type="BRANCH" missed="0" covered="4"/><counter type="LINE" missed="0" covered="49"/><counter type="COMPLEXITY" missed="0" covered="21"/><counter type="METHOD" missed="0" covered="19"/><counter type="CLASS" missed="0" covered="1"/></class><class name="dominio/VisitaVeterinaria"><method name="&lt;init&gt;" desc="()V" line="26"><counter type="INSTRUCTION" missed="0" covered="35"/><counter type="LINE" missed="0" covered="10"/><counter type="COMPLEXITY" missed="0" covered="1"/><counter type="METHOD" missed="0" covered="1"/></method><method name="&lt;init&gt;" desc="(Ljava/lang/String;Ljava/time/LocalTime;Ldominio/Usuario;Ldominio/Animal;ZLdominio/Fecha;Ldominio/Veterinaria;Ljava/lang/String;)V" line="37"><counter type="INSTRUCTION" missed="0" covered="27"/><counter type="LINE" missed="0" covered="10"/><counter type="COMPLEXITY" missed="0" covered="1"/><counter type="METHOD" missed="0" covered="1"/></method><method name="getMotivo" desc="()Ljava/lang/String;" line="49"><counter type="INSTRUCTION" missed="0" covered="3"/><counter type="LINE" missed="0" covered="1"/><counter type="COMPLEXITY" missed="0" covered="1"/><counter type="METHOD" missed="0" covered="1"/></method><method name="setMotivo" desc="(Ljava/lang/String;)V" line="53"><counter type="INSTRUCTION" missed="0" covered="12"/><counter type="BRANCH" missed="0" covered="2"/><counter type="LINE" missed="0" covered="4"/><counter type="COMPLEXITY" missed="0" covered="2"/><counter type="METHOD" missed="0" covered="1"/></method><method name="getVeterinaria" desc="()Ldominio/Veterinaria;" line="61"><counter type="INSTRUCTION" missed="0" covered="3"/><counter type="LINE" missed="0" covered="1"/><counter type="COMPLEXITY" missed="0" covered="1"/><counter type="METHOD" missed="0" covered="1"/></method><method name="setVeterinaria" desc="(Ldominio/Veterinaria;)V" line="65"><counter type="INSTRUCTION" missed="0" covered="4"/><counter type="LINE" missed="0" covered="2"/><counter type="COMPLEXITY" missed="0" covered="1"/><counter type="METHOD" missed="0" covered="1"/></method><method name="getNombre" desc="()Ljava/lang/String;" line="70"><counter type="INSTRUCTION" missed="0" covered="3"/><counter type="LINE" missed="0" covered="1"/><counter type="COMPLEXITY" missed="0" covered="1"/><counter type="METHOD" missed="0" covered="1"/></method><method name="setNombre" desc="(Ljava/lang/String;)V" line="74"><counter type="INSTRUCTION" missed="0" covered="12"/><counter type="BRANCH" missed="0" covered="2"/><counter type="LINE" missed="0" covered="4"/><counter type="COMPLEXITY" missed="0" covered="2"/><counter type="METHOD" missed="0" covered="1"/></method><method name="getHora" desc="()Ljava/time/LocalTime;" line="83"><counter type="INSTRUCTION" missed="0" covered="3"/><counter type="LINE" missed="0" covered="1"/><counter type="COMPLEXITY" missed="0" covered="1"/><counter type="METHOD" missed="0" covered="1"/></method><method name="setHora" desc="(Ljava/time/LocalTime;)V" line="88"><counter type="INSTRUCTION" missed="0" covered="4"/><counter type="LINE" missed="0" covered="2"/><counter type="COMPLEXITY" missed="0" covered="1"/><counter type="METHOD" missed="0" covered="1"/></method><method name="getUsuario" desc="()Ldominio/Usuario;" line="93"><counter type="INSTRUCTION" missed="0" covered="3"/><counter type="LINE" missed="0" covered="1"/><counter type="COMPLEXITY" missed="0" covered="1"/><counter type="METHOD" missed="0" covered="1"/></method><method name="setUsuario" desc="(Ldominio/Usuario;)V" line="98"><counter type="INSTRUCTION" missed="0" covered="4"/><counter type="LINE" missed="0" covered="2"/><counter type="COMPLEXITY" missed="0" covered="1"/><counter type="METHOD" missed="0" covered="1"/></method><method name="getMascota" desc="()Ldominio/Animal;" line="103"><counter type="INSTRUCTION" missed="0" covered="3"/><counter type="LINE" missed="0" covered="1"/><counter type="COMPLEXITY" missed="0" covered="1"/><counter type="METHOD" missed="0" covered="1"/></method><method name="setMascota" desc="(Ldominio/Animal;)V" line="108"><counter type="INSTRUCTION" missed="0" covered="4"/><counter type="LINE" missed="0" covered="2"/><counter type="COMPLEXITY" missed="0" covered="1"/><counter type="METHOD" missed="0" covered="1"/></method><method name="getFueRealizado" desc="()Z" line="113"><counter type="INSTRUCTION" missed="0" covered="3"/><counter type="LINE" missed="0" covered="1"/><counter type="COMPLEXITY" missed="0" covered="1"/><counter type="METHOD" missed="0" covered="1"/></method><method name="setFueRealizado" desc="(Z)V" line="118"><counter type="INSTRUCTION" missed="0" covered="11"/><counter type="BRANCH" missed="0" covered="2"/><counter type="LINE" missed="0" covered="4"/><counter type="COMPLEXITY" missed="0" covered="2"/><counter type="METHOD" missed="0" covered="1"/></method><method name="getFecha" desc="()Ldominio/Fecha;" line="125"><counter type="INSTRUCTION" missed="0" covered="3"/><counter type="LINE" missed="0" covered="1"/><counter type="COMPLEXITY" missed="0" covered="1"/><counter type="METHOD" missed="0" covered="1"/></method><method name="setFecha" desc="(Ldominio/Fecha;)V" line="130"><counter type="INSTRUCTION" missed="0" covered="4"/><counter type="LINE" missed="0" covered="2"/><counter type="COMPLEXITY" missed="0" covered="1"/><counter type="METHOD" missed="0" covered="1"/></method><method name="toString" desc="()Ljava/lang/String;" line="135"><counter type="INSTRUCTION" missed="0" covered="42"/><counter type="LINE" missed="0" covered="1"/><counter type="COMPLEXITY" missed="0" covered="1"/><counter type="METHOD" missed="0" covered="1"/></method><counter type="INSTRUCTION" missed="0" covered="183"/><counter type="BRANCH" missed="0" covered="6"/><counter type="LINE" missed="0" covered="51"/><counter type="COMPLEXITY" missed="0" covered="22"/><counter type="METHOD" missed="0" covered="19"/><counter type="CLASS" missed="0" covered="1"/></class><sourcefile name="Padrino.java"><line nr="29" mi="0" ci="2" mb="0" cb="0"/><line nr="30" mi="0" ci="3" mb="0" cb="0"/><line nr="31" mi="0" ci="3" mb="0" cb="0"/><line nr="32" mi="0" ci="3" mb="0" cb="0"/><line nr="33" mi="0" ci="3" mb="0" cb="0"/><line nr="34" mi="0" ci="3" mb="0" cb="0"/><line nr="35" mi="0" ci="3" mb="0" cb="0"/><line nr="36" mi="0" ci="3" mb="0" cb="0"/><line nr="37" mi="0" ci="3" mb="0" cb="0"/><line nr="38" mi="0" ci="3" mb="0" cb="0"/><line nr="39" mi="0" ci="3" mb="0" cb="0"/><line nr="40" mi="0" ci="5" mb="0" cb="0"/><line nr="41" mi="0" ci="1" mb="0" cb="0"/><line nr="44" mi="0" ci="3" mb="0" cb="0"/><line nr="45" mi="0" ci="1" mb="0" cb="0"/><line nr="48" mi="0" ci="3" mb="0" cb="0"/><line nr="52" mi="0" ci="3" mb="0" cb="0"/><line nr="53" mi="0" ci="1" mb="0" cb="0"/><line nr="56" mi="0" ci="3" mb="0" cb="0"/><line nr="60" mi="0" ci="3" mb="0" cb="0"/><line nr="61" mi="0" ci="1" mb="0" cb="0"/><line nr="64" mi="0" ci="3" mb="0" cb="0"/><line nr="68" mi="0" ci="3" mb="0" cb="0"/><line nr="69" mi="0" ci="1" mb="0" cb="0"/><line nr="72" mi="0" ci="3" mb="0" cb="0"/><line nr="76" mi="0" ci="3" mb="0" cb="0"/><line nr="77" mi="0" ci="1" mb="0" cb="0"/><line nr="80" mi="0" ci="3" mb="0" cb="0"/><line nr="84" mi="0" ci="3" mb="0" cb="0"/><line nr="85" mi="0" ci="1" mb="0" cb="0"/><line nr="88" 
[...]
"0"/><line nr="2402" mi="7" ci="0" mb="0" cb="0"/><line nr="2403" mi="4" ci="0" mb="0" cb="0"/><line nr="2404" mi="4" ci="0" mb="0" cb="0"/><line nr="2405" mi="6" ci="0" mb="0" cb="0"/><line nr="2409" mi="4" ci="0" mb="0" cb="0"/><line nr="2410" mi="4" ci="0" mb="0" cb="0"/><line nr="2411" mi="1" ci="0" mb="0" cb="0"/><line nr="2415" mi="1" ci="0" mb="0" cb="0"/><line nr="2418" mi="8" ci="0" mb="0" cb="0"/><line nr="2419" mi="4" ci="0" mb="0" cb="0"/><line nr="2420" mi="17" ci="0" mb="0" cb="0"/><line nr="2421" mi="1" ci="0" mb="0" cb="0"/><line nr="2424" mi="4" ci="0" mb="0" cb="0"/><line nr="2425" mi="4" ci="0" mb="0" cb="0"/><line nr="2426" mi="4" ci="0" mb="0" cb="0"/><line nr="2427" mi="4" ci="0" mb="0" cb="0"/><line nr="2428" mi="1" ci="0" mb="0" cb="0"/><line nr="2431" mi="4" ci="0" mb="0" cb="0"/><line nr="2432" mi="4" ci="0" mb="0" cb="0"/><line nr="2433" mi="4" ci="0" mb="0" cb="0"/><line nr="2434" mi="4" ci="0" mb="0" cb="0"/><line nr="2435" mi="1" ci="0" mb="0" cb="0"/><line nr="2439" mi="1" ci="0" mb="0" cb="0"/><line nr="2442" mi="4" ci="0" mb="2" cb="0"/><line nr="2443" mi="5" ci="0" mb="0" cb="0"/><line nr="2445" mi="4" ci="0" mb="0" cb="0"/><line nr="2447" mi="1" ci="0" mb="0" cb="0"/><line nr="2451" mi="1" ci="0" mb="0" cb="0"/><line nr="2455" mi="1" ci="0" mb="0" cb="0"/><line nr="2458" mi="5" ci="0" mb="2" cb="0"/><line nr="2459" mi="4" ci="0" mb="2" cb="0"/><line nr="2460" mi="5" ci="0" mb="0" cb="0"/><line nr="2462" mi="5" ci="0" mb="0" cb="0"/><line nr="2465" mi="4" ci="0" mb="0" cb="0"/><line nr="2467" mi="5" ci="0" mb="2" cb="0"/><line nr="2468" mi="4" ci="0" mb="0" cb="0"/><line nr="2469" mi="5" ci="0" mb="0" cb="0"/><line nr="2471" mi="4" ci="0" mb="0" cb="0"/><line nr="2472" mi="4" ci="0" mb="0" cb="0"/><line nr="2473" mi="4" ci="0" mb="0" cb="0"/><line nr="2475" mi="8" ci="0" mb="4" cb="0"/><line nr="2476" mi="5" ci="0" mb="0" cb="0"/><line nr="2478" mi="4" ci="0" mb="0" cb="0"/><line nr="2480" mi="1" ci="0" mb="0" cb="0"/><line nr="2483" mi="4" ci="0" mb="0" cb="0"/><line nr="2484" mi="2" ci="0" mb="0" cb="0"/><line nr="2485" mi="4" ci="0" mb="2" cb="0"/><line nr="2486" mi="2" ci="0" mb="0" cb="0"/><line nr="2488" mi="4" ci="0" mb="2" cb="0"/><line nr="2489" mi="5" ci="0" mb="0" cb="0"/><line nr="2490" mi="4" ci="0" mb="2" cb="0"/><line nr="2491" mi="5" ci="0" mb="0" cb="0"/><line nr="2492" mi="4" ci="0" mb="2" cb="0"/><line nr="2493" mi="5" ci="0" mb="0" cb="0"/><line nr="2496" mi="8" ci="0" mb="0" cb="0"/><line nr="2497" mi="8" ci="0" mb="0" cb="0"/><line nr="2499" mi="7" ci="0" mb="2" cb="0"/><line nr="2500" mi="3" ci="0" mb="0" cb="0"/><line nr="2502" mi="11" ci="0" mb="0" cb="0"/><line nr="2503" mi="11" ci="0" mb="0" cb="0"/><line nr="2504" mi="6" ci="0" mb="0" cb="0"/><line nr="2506" mi="4" ci="0" mb="2" cb="0"/><line nr="2507" mi="2" ci="0" mb="0" cb="0"/><line nr="2508" mi="5" ci="0" mb="0" cb="0"/><line nr="2510" mi="13" ci="0" mb="0" cb="0"/><line nr="2512" mi="8" ci="0" mb="0" cb="0"/><line nr="2513" mi="4" ci="0" mb="2" cb="0"/><line nr="2514" mi="4" ci="0" mb="0" cb="0"/><line nr="2515" mi="6" ci="0" mb="0" cb="0"/><line nr="2516" mi="4" ci="0" mb="2" cb="0"/><line nr="2517" mi="3" ci="0" mb="0" cb="0"/><line nr="2520" mi="4" ci="0" mb="0" cb="0"/><line nr="2521" mi="4" ci="0" mb="0" cb="0"/><line nr="2522" mi="4" ci="0" mb="0" cb="0"/><line nr="2523" mi="4" ci="0" mb="0" cb="0"/><line nr="2524" mi="4" ci="0" mb="0" cb="0"/><line nr="2525" mi="5" ci="0" mb="0" cb="0"/><line nr="2527" mi="9" ci="0" mb="0" cb="0"/><line nr="2528" mi="8" ci="0" mb="0" cb="0"/><line nr="2530" mi="1" ci="0" mb="0" cb="0"/><line nr="2531" mi="5" ci="0" mb="0" cb="0"/><line nr="2532" mi="2" ci="0" mb="0" cb="0"/><line nr="2533" mi="4" ci="0" mb="2" cb="0"/><line nr="2534" mi="12" ci="0" mb="0" cb="0"/><line nr="2535" mi="2" ci="0" mb="0" cb="0"/><line nr="2536" mi="4" ci="0" mb="2" cb="0"/><line nr="2538" mi="8" ci="0" mb="0" cb="0"/><line nr="2541" mi="1" ci="0" mb="0" cb="0"/><line nr="2542" mi="2" ci="0" mb="0" cb="0"/><line nr="2543" mi="1" ci="0" mb="0" cb="0"/><line nr="2545" mi="2" ci="0" mb="2" cb="0"/><line nr="2546" mi="4" ci="0" mb="2" cb="0"/><line nr="2547" mi="3" ci="0" mb="0" cb="0"/><line nr="2549" mi="4" ci="0" mb="0" cb="0"/><line nr="2550" mi="6" ci="0" mb="0" cb="0"/><line nr="2551" mi="4" ci="0" mb="2" cb="0"/><line nr="2552" mi="3" ci="0" mb="0" cb="0"/><line nr="2554" mi="5" ci="0" mb="2" cb="0"/><line nr="2555" mi="6" ci="0" mb="0" cb="0"/><line nr="2556" mi="6" ci="0" mb="0" cb="0"/><line nr="2557" mi="3" ci="0" mb="0" cb="0"/><line nr="2559" mi="4" ci="0" mb="0" cb="0"/><line nr="2560" mi="4" ci="0" mb="0" cb="0"/><line nr="2561" mi="4" ci="0" mb="0" cb="0"/><line nr="2562" mi="4" ci="0" mb="0" cb="0"/><line nr="2563" mi="5" ci="0" mb="0" cb="0"/><line nr="2565" mi="4" ci="0" mb="0" cb="0"/><line nr="2567" mi="1" ci="0" mb="0" cb="0"/><line nr="2568" mi="4" ci="0" mb="2" cb="0"/><line nr="2569" mi="4" ci="0" mb="0" cb="0"/><line nr="2570" mi="4" ci="0" mb="2" cb="0"/><line nr="2571" mi="5" ci="0" mb="0" cb="0"/><line nr="2573" mi="12" ci="0" mb="0" cb="0"/><line nr="2574" mi="4" ci="0" mb="0" cb="0"/><line nr="2575" mi="6" ci="0" mb="0" cb="0"/><line nr="2576" mi="4" ci="0" mb="2" cb="0"/><line nr="2577" mi="3" ci="0" mb="0" cb="0"/><line nr="2579" mi="4" ci="0" mb="0" cb="0"/><line nr="2580" mi="4" ci="0" mb="0" cb="0"/><line nr="2581" mi="4" ci="0" mb="0" cb="0"/><line nr="2582" mi="4" ci="0" mb="0" cb="0"/><line nr="2583" mi="4" ci="0" mb="0" cb="0"/><line nr="2585" mi="1" ci="0" mb="0" cb="0"/><line nr="2586" mi="11" ci="0" mb="0" cb="0"/><line nr="2587" mi="4" ci="0" mb="0" cb="0"/><line nr="2588" mi="6" ci="0" mb="0" cb="0"/><line nr="2589" mi="4" ci="0" mb="2" cb="0"/><line nr="2590" mi="3" ci="0" mb="0" cb="0"/><line nr="2592" mi="4" ci="0" mb="0" cb="0"/><line nr="2593" mi="4" ci="0" mb="0" cb="0"/><line nr="2594" mi="4" ci="0" mb="0" cb="0"/><line nr="2595" mi="4" ci="0" mb="0" cb="0"/><line nr="2600" mi="4" ci="0" mb="0" cb="0"/><line nr="2601" mi="4" ci="0" mb="0" cb="0"/><line nr="2602" mi="6" ci="0" mb="0" cb="0"/><line nr="2603" mi="4" ci="0" mb="0" cb="0"/><line nr="2604" mi="7" ci="0" mb="0" cb="0"/><line nr="2605" mi="4" ci="0" mb="0" cb="0"/><line nr="2606" mi="8" ci="0" mb="2" cb="0"/><line nr="2607" mi="5" ci="0" mb="0" cb="0"/><line nr="2608" mi="5" ci="0" mb="0" cb="0"/><line nr="2610" mi="4" ci="0" mb="0" cb="0"/><line nr="2612" mi="17" ci="0" mb="0" cb="0"/><line nr="2613" mi="8" ci="0" mb="0" cb="0"/><line nr="2614" mi="1" ci="0" mb="0" cb="0"/><line nr="2617" mi="5" ci="0" mb="0" cb="0"/><line nr="2618" mi="2" ci="0" mb="0" cb="0"/><line nr="2619" mi="4" ci="0" mb="0" cb="0"/><line nr="2620" mi="2" ci="0" mb="2" cb="0"/><line nr="2621" mi="5" ci="0" mb="0" cb="0"/><line nr="2622" mi="2" ci="0" mb="2" cb="0"/><line nr="2623" mi="4" ci="0" mb="0" cb="0"/><line nr="2624" mi="5" ci="0" mb="2" cb="0"/><line nr="2625" mi="2" ci="0" mb="0" cb="0"/><line nr="2627" mi="2" ci="0" mb="0" cb="0"/><line nr="2628" mi="3" ci="0" mb="2" cb="0"/><line nr="2629" mi="2" ci="0" mb="0" cb="0"/><line nr="2631" mi="5" ci="0" mb="2" cb="0"/><line nr="2632" mi="15" ci="0" mb="0" cb="0"/><line nr="2633" mi="6" ci="0" mb="0" cb="0"/><line nr="2634" mi="10" ci="0" mb="0" cb="0"/><line nr="2636" mi="12" ci="0" mb="0" cb="0"/><line nr="2638" mi="14" ci="0" mb="0" cb="0"/><line nr="2639" mi="6" ci="0" mb="0" cb="0"/><line nr="2640" mi="10" ci="0" mb="0" cb="0"/><line nr="2642" mi="14" ci="0" mb="0" cb="0"/><line nr="2643" mi="5" ci="0" mb="0" cb="0"/><line nr="2645" mi="3" ci="0" mb="2" cb="0"/><line nr="2648" mi="1" ci="0" mb="0" cb="0"/><line nr="2649" mi="5" ci="0" mb="0" cb="0"/><line nr="2650" mi="2" ci="0" mb="2" cb="0"/><line nr="2651" mi="5" ci="0" mb="2" cb="0"/><line nr="2652" mi="2" ci="0" mb="0" cb="0"/><line nr="2654" mi="2" ci="0" mb="0" cb="0"/><line nr="2655" mi="3" ci="0" mb="2" cb="0"/><line nr="2656" mi="2" ci="0" mb="0" cb="0"/><line nr="2659" mi="14" ci="0" mb="0" cb="0"/><line nr="2660" mi="6" ci="0" mb="0" cb="0"/><line nr="2661" mi="10" ci="0" mb="0" cb="0"/><line nr="2663" mi="5" ci="0" mb="0" cb="0"/><line nr="2664" mi="12" ci="0" mb="0" cb="0"/><line nr="2665" mi="1" ci="0" mb="0" cb="0"/><line nr="2666" mi="5" ci="0" mb="0" cb="0"/><line nr="2667" mi="2" ci="0" mb="2" cb="0"/><line nr="2668" mi="5" ci="0" mb="2" cb="0"/><line nr="2669" mi="2" ci="0" mb="0" cb="0"/><line nr="2671" mi="2" ci="0" mb="0" cb="0"/><line nr="2672" mi="3" ci="0" mb="2" cb="0"/><line nr="2673" mi="2" ci="0" mb="0" cb="0"/><line nr="2675" mi="14" ci="0" mb="0" cb="0"/><line nr="2676" mi="6" ci="0" mb="0" cb="0"/><line nr="2677" mi="10" ci="0" mb="0" cb="0"/><line nr="2679" mi="5" ci="0" mb="0" cb="0"/><line nr="2680" mi="6" ci="0" mb="0" cb="0"/><line nr="2681" mi="12" ci="0" mb="0" cb="0"/><line nr="2682" mi="1" ci="0" mb="0" cb="0"/><line nr="2683" mi="5" ci="0" mb="0" cb="0"/><line nr="2684" mi="5" ci="0" mb="2" cb="0"/><line nr="2685" mi="2" ci="0" mb="0" cb="0"/><line nr="2687" mi="2" ci="0" mb="0" cb="0"/><line nr="2688" mi="3" ci="0" mb="2" cb="0"/><line nr="2689" mi="2" ci="0" mb="0" cb="0"/><line nr="2692" mi="14" ci="0" mb="0" cb="0"/><line nr="2693" mi="6" ci="0" mb="0" cb="0"/><line nr="2694" mi="10" ci="0" mb="0" cb="0"/><line nr="2696" mi="12" ci="0" mb="0" cb="0"/><line nr="2700" mi="4" ci="0" mb="0" cb="0"/><line nr="2701" mi="1" ci="0" mb="0" cb="0"/><line nr="2702" mi="4" ci="0" mb="0" cb="0"/><line nr="2705" mi="1" ci="0" mb="0" cb="0"/><line nr="2708" mi="4" ci="0" mb="0" cb="0"/><line nr="2709" mi="6" ci="0" mb="0" cb="0"/><line nr="2710" mi="4" ci="0" mb="0" cb="0"/><line nr="2711" mi="7" ci="0" mb="0" cb="0"/><line nr="2712" mi="4" ci="0" mb="0" cb="0"/><line nr="2713" mi="8" ci="0" mb="2" cb="0"/><line nr="2714" mi="5" ci="0" mb="0" cb="0"/><line nr="2715" mi="5" ci="0" mb="0" cb="0"/><line nr="2717" mi="4" ci="0" mb="0" cb="0"/><line nr="2719" mi="17" ci="0" mb="0" cb="0"/><line nr="2720" mi="8" ci="0" mb="0" cb="0"/><line nr="2721" mi="1" ci="0" mb="0" cb="0"/><line nr="2725" mi="2" ci="0" mb="0" cb="0"/><line nr="2726" mi="6" ci="0" mb="0" cb="0"/><line nr="2727" mi="1" ci="0" mb="0" cb="0"/><line nr="2731" mi="1" ci="0" mb="0" cb="0"/><line nr="2735" mi="1" ci="0" mb="0" cb="0"/><line nr="2739" mi="1" ci="0" mb="0" cb="0"/><line nr="2744" mi="3" ci="0" mb="0" cb="0"/><line nr="2746" mi="1" ci="0" mb="0" cb="0"/><line nr="2747" mi="2" ci="0" mb="0" cb="0"/><line nr="2748" mi="1" ci="0" mb="0" cb="0"/><line nr="2749" mi="2" ci="0" mb="0" cb="0"/><line nr="2753" mi="4" ci="0" mb="2" cb="0"/><line nr="2754" mi="3" ci="0" mb="0" cb="0"/><line nr="2756" mi="10" ci="0" mb="2" cb="0"/><line nr="2757" mi="7" ci="0" mb="0" cb="0"/><line nr="2758" mi="3" ci="0" mb="2" cb="0"/><line nr="2759" mi="5" ci="0" mb="0" cb="0"/><line nr="2762" mi="1" ci="0" mb="0" cb="0"/><line nr="2767" mi="4" ci="0" mb="0" cb="0"/><line nr="2768" mi="4" ci="0" mb="0" cb="0"/><line nr="2771" mi="4" ci="0" mb="2" cb="0"/><line nr="2772" mi="5" ci="0" mb="0" cb="0"/><line nr="2774" mi="4" ci="0" mb="2" cb="0"/><line nr="2775" mi="5" ci="0" mb="0" cb="0"/><line nr="2777" mi="6" ci="0" mb="2" cb="0"/><line nr="2778" mi="5" ci="0" mb="0" cb="0"/><line nr="2780" mi="4" ci="0" mb="2" cb="0"/><line nr="2781" mi="5" ci="0" mb="0" cb="0"/><line nr="2784" mi="8" ci="0" mb="0" cb="0"/><line nr="2785" mi="5" ci="0" mb="0" cb="0"/><line nr="2786" mi="8" ci="0" mb="0" cb="0"/><line nr="2787" mi="4" ci="0" mb="0" cb="0"/><line nr="2788" mi="2" ci="0" mb="0" cb="0"/><line nr="2789" mi="6" ci="0" mb="0" cb="0"/><line nr="2793" mi="1" ci="0" mb="0" cb="0"/><line nr="2796" mi="4" ci="0" mb="2" cb="0"/><line nr="2797" mi="3" ci="0" mb="0" cb="0"/><line nr="2799" mi="10" ci="0" mb="2" cb="0"/><line nr="2800" mi="11" ci="0" mb="0" cb="0"/><line nr="2802" mi="1" ci="0" mb="0" cb="0"/><line nr="2809" mi="6" ci="0" mb="0" cb="0"/><line nr="2812" mi="1" ci="0" mb="0" cb="0"/><line nr="2816" mi="5" ci="0" mb="2" cb="0"/><line nr="2817" mi="4" ci="0" mb="0" cb="0"/><line nr="2818" mi="4" ci="0" mb="0" cb="0"/><line nr="2819" mi="4" ci="0" mb="0" cb="0"/><line nr="2820" mi="4" ci="0" mb="0" cb="0"/><line nr="2821" mi="4" ci="0" mb="0" cb="0"/><line nr="2822" mi="4" ci="0" mb="0" cb="0"/><line nr="2823" mi="4" ci="0" mb="0" cb="0"/><line nr="2824" mi="5" ci="0" mb="0" cb="0"/><line nr="2828" mi="9" ci="0" mb="0" cb="0"/><line nr="2829" mi="5" ci="0" mb="0" cb="0"/><line nr="2830" mi="5" ci="0" mb="0" cb="0"/><line nr="2831" mi="12" ci="0" mb="0" cb="0"/><line nr="2832" mi="5" ci="0" mb="0" cb="0"/><line nr="2833" mi="5" ci="0" mb="0" cb="0"/><line nr="2834" mi="5" ci="0" mb="0" cb="0"/><line nr="2835" mi="20" ci="0" mb="0" cb="0"/><line nr="2836" mi="5" ci="0" mb="0" cb="0"/><line nr="2837" mi="6" ci="0" mb="0" cb="0"/><line nr="2842" mi="1" ci="0" mb="0" cb="0"/><line nr="2846" mi="5" ci="0" mb="2" cb="0"/><line nr="2847" mi="4" ci="0" mb="0" cb="0"/><line nr="2848" mi="4" ci="0" mb="0" cb="0"/><line nr="2849" mi="4" ci="0" mb="0" cb="0"/><line nr="2850" mi="5" ci="0" mb="0" cb="0"/><line nr="2853" mi="9" ci="0" mb="0" cb="0"/><line nr="2854" mi="5" ci="0" mb="0" cb="0"/><line nr="2855" mi="5" ci="0" mb="0" cb="0"/><line nr="2856" mi="12" ci="0" mb="0" cb="0"/><line nr="2857" mi="6" ci="0" mb="0" cb="0"/><line nr="2859" mi="1" ci="0" mb="0" cb="0"/><line nr="2863" mi="4" ci="0" mb="0" cb="0"/><line nr="2864" mi="4" ci="0" mb="0" cb="0"/><line nr="2865" mi="8" ci="0" mb="2" cb="0"/><line nr="2866" mi="4" ci="0" mb="0" cb="0"/><line nr="2867" mi="4" ci="0" mb="0" cb="0"/><line nr="2868" mi="4" ci="0" mb="0" cb="0"/><line nr="2869" mi="4" ci="0" mb="0" cb="0"/><line nr="2870" mi="1" ci="0" mb="0" cb="0"/><line nr="2873" mi="2" ci="0" mb="0" cb="0"/><line nr="2875" mi="13" ci="0" mb="0" cb="0"/><line nr="2876" mi="1" ci="0" mb="0" cb="0"/><line nr="2877" mi="3" ci="0" mb="0" cb="0"/><line nr="2878" mi="1" ci="0" mb="0" cb="0"/><line nr="2879" mi="2" ci="0" mb="0" cb="0"/><line nr="2883" mi="2" ci="0" mb="0" cb="0"/><line nr="2885" mi="10" ci="0" mb="0" cb="0"/><line nr="2886" mi="1" ci="0" mb="0" cb="0"/><line nr="2887" mi="3" ci="0" mb="0" cb="0"/><line nr="2888" mi="1" ci="0" mb="0" cb="0"/><line nr="2889" mi="2" ci="0" mb="0" cb="0"/><line nr="2893" mi="3" ci="0" mb="0" cb="0"/><line nr="2894" mi="5" ci="0" mb="0" cb="0"/><line nr="2897" mi="2" ci="0" mb="0" cb="0"/><line nr="2898" mi="2" ci="0" mb="2" cb="0"/><line nr="2899" mi="2" ci="0" mb="0" cb="0"/><line nr="2900" mi="5" ci="0" mb="2" cb="0"/><line nr="2901" mi="2" ci="0" mb="0" cb="0"/><line nr="2903" mi="12" ci="0" mb="0" cb="0"/><line nr="2905" mi="6" ci="0" mb="0" cb="0"/><line nr="2906" mi="16" ci="0" mb="0" cb="0"/><line nr="2909" mi="5" ci="0" mb="0" cb="0"/><line nr="2910" mi="2" ci="0" mb="2" cb="0"/><line nr="2911" mi="2" ci="0" mb="0" cb="0"/><line nr="2912" mi="5" ci="0" mb="2" cb="0"/><line nr="2913" mi="2" ci="0" mb="0" cb="0"/><line nr="2915" mi="12" ci="0" mb="0" cb="0"/><line nr="2917" mi="11" ci="0" mb="0" cb="0"/><line nr="2918" mi="16" ci="0" mb="0" cb="0"/><line nr="2921" mi="5" ci="0" mb="0" cb="0"/><line nr="2922" mi="2" ci="0" mb="2" cb="0"/><line nr="2923" mi="2" ci="0" mb="0" cb="0"/><line nr="2924" mi="5" ci="0" mb="2" cb="0"/><line nr="2925" mi="2" ci="0" mb="0" cb="0"/><line nr="2927" mi="12" ci="0" mb="0" cb="0"/><line nr="2929" mi="12" ci="0" mb="0" cb="0"/><line nr="2930" mi="5" ci="0" mb="0" cb="0"/><line nr="2931" mi="16" ci="0" mb="0" cb="0"/><line nr="2934" mi="5" ci="0" mb="0" cb="0"/><line nr="2935" mi="2" ci="0" mb="0" cb="0"/><line nr="2936" mi="5" ci="0" mb="2" cb="0"/><line nr="2937" mi="2" ci="0" mb="0" cb="0"/><line nr="2939" mi="12" ci="0" mb="0" cb="0"/><line nr="2940" mi="5" ci="0" mb="0" cb="0"/><line nr="2941" mi="6" ci="0" mb="0" cb="0"/><line nr="2942" mi="15" ci="0" mb="0" cb="0"/><line nr="2947" mi="11" ci="0" mb="0" cb="0"/><line nr="2949" mi="2" ci="0" mb="0" cb="0"/><line nr="2950" mi="2" ci="0" mb="0" cb="0"/><line nr="2952" mi="4" ci="0" mb="0" cb="0"/><line nr="2953" mi="5" ci="0" mb="0" cb="0"/><line nr="2954" mi="5" ci="0" mb="0" cb="0"/><line nr="2955" mi="5" ci="0" mb="0" cb="0"/><line nr="2956" mi="5" ci="0" mb="0" cb="0"/><line nr="2957" mi="5" ci="0" mb="0" cb="0"/><line nr="2959" mi="7" ci="0" mb="0" cb="0"/><line nr="2960" mi="6" ci="0" mb="0" cb="0"/><line nr="2963" mi="6" ci="0" mb="0" cb="0"/><line nr="2969" mi="5" ci="0" mb="0" cb="0"/><line nr="2970" mi="6" ci="0" mb="0" cb="0"/><line nr="2971" mi="4" ci="0" mb="0" cb="0"/><line nr="2972" mi="3" ci="0" mb="0" cb="0"/><line nr="2973" mi="3" ci="0" mb="0" cb="0"/><line nr="2974" mi="3" ci="0" mb="0" cb="0"/><line nr="2976" mi="2" ci="0" mb="0" cb="0"/><line nr="2978" mi="3" ci="0" mb="0" cb="0"/><line nr="2980" mi="1" ci="0" mb="0" cb="0"/><line nr="2981" mi="5" ci="0" mb="0" cb="0"/><line nr="2983" mi="1" ci="0" mb="0" cb="0"/><line nr="2984" mi="1" ci="0" mb="0" cb="0"/><line nr="2987" mi="10" ci="0" mb="0" cb="0"/><line nr="2988" mi="8" ci="0" mb="0" cb="0"/><line nr="2989" mi="4" ci="0" mb="0" cb="0"/><line nr="2991" mi="15" ci="0" mb="0" cb="0"/><line nr="2994" mi="5" ci="0" mb="0" cb="0"/><line nr="2995" mi="5" ci="0" mb="0" cb="0"/><line nr="2996" mi="1" ci="0" mb="0" cb="0"/><line nr="2998" mi="4" ci="0" mb="0" cb="0"/><line nr="2999" mi="6" ci="0" mb="0" cb="0"/><line nr="3000" mi="3" ci="0" mb="0" cb="0"/><line nr="3001" mi="2" ci="0" mb="0" cb="0"/><line nr="3002" mi="1" ci="0" mb="0" cb="0"/><line nr="3004" mi="1" ci="0" mb="0" cb="0"/><line nr="3005" mi="1" ci="0" mb="0" cb="0"/><line nr="3008" mi="3" ci="0" mb="0" cb="0"/><line nr="3009" mi="5" ci="0" mb="0" cb="0"/><line nr="3011" mi="2" ci="0" mb="0" cb="0"/><line nr="3012" mi="2" ci="0" mb="2" cb="0"/><line nr="3013" mi="5" ci="0" mb="2" cb="0"/><line nr="3014" mi="2" ci="0" mb="0" cb="0"/><line nr="3016" mi="12" ci="0" mb="0" cb="0"/><line nr="3018" mi="6" ci="0" mb="0" cb="0"/><line nr="3019" mi="16" ci="0" mb="0" cb="0"/><line nr="3022" mi="5" ci="0" mb="0" cb="0"/><line nr="3023" mi="2" ci="0" mb="2" cb="0"/><line nr="3024" mi="5" ci="0" mb="2" cb="0"/><line nr="3025" mi="2" ci="0" mb="0" cb="0"/><line nr="3027" mi="12" ci="0" mb="0" cb="0"/><line nr="3029" mi="11" ci="0" mb="0" cb="0"/><line nr="3030" mi="16" ci="0" mb="0" cb="0"/><line nr="3033" mi="5" ci="0" mb="0" cb="0"/><line nr="3034" mi="2" ci="0" mb="2" cb="0"/><line nr="3035" mi="5" ci="0" mb="2" cb="0"/><line nr="3036" mi="2" ci="0" mb="0" cb="0"/><line nr="3038" mi="12" ci="0" mb="0" cb="0"/><line nr="3040" mi="12" ci="0" mb="0" cb="0"/><line nr="3041" mi="5" ci="0" mb="0" cb="0"/><line nr="3042" mi="16" ci="0" mb="0" cb="0"/><line nr="3045" mi="5" ci="0" mb="2" cb="0"/><line nr="3046" mi="2" ci="0" mb="0" cb="0"/><line nr="3048" mi="5" ci="0" mb="0" cb="0"/><line nr="3049" mi="12" ci="0" mb="0" cb="0"/><line nr="3050" mi="5" ci="0" mb="0" cb="0"/><line nr="3051" mi="6" ci="0" mb="0" cb="0"/><line nr="3052" mi="15" ci="0" mb="0" cb="0"/><line nr="3057" mi="2" ci="0" mb="0" cb="0"/><line nr="3058" mi="5" ci="0" mb="0" cb="0"/><line nr="3059" mi="1" ci="0" mb="0" cb="0"/><counter type="INSTRUCTION" missed="11011" covered="0"/><counter type="BRANCH" missed="256" covered="0"/><counter type="LINE" missed="2305" covered="0"/><counter type="COMPLEXITY" missed="298" covered="0"/><counter type="METHOD" missed="170" covered="0"/><counter type="CLASS" missed="49" covered="0"/></sourcefile><counter type="INSTRUCTION" missed="12824" covered="0"/><counter type="BRANCH" missed="293" covered="0"/><counter type="LINE" missed="2737" covered="0"/><counter type="COMPLEXITY" missed="370" covered="0"/><counter type="METHOD" missed="222" covered="0"/><counter type="CLASS" missed="63" covered="0"/></package><counter type="INSTRUCTION" missed="13240" covered="2133"/><counter type="BRANCH" missed="327" covered="166"/><counter type="LINE" missed="2826" covered="597"/><counter type="COMPLEXITY" missed="403" covered="301"/><counter type="METHOD" missed="237" covered="219"/><counter type="CLASS" missed="66" covered="14"/></report>